<?xml version="1.0" encoding="UTF-8"?>
<!-- Generated by org.testng.reporters.JUnitXMLReporter -->
<testsuite hostname="GE00371M.local" ignored="3" name="FactoringPageTests" tests="22" failures="2" timestamp="2022-11-10T07:37:46 EET" time="65.684" errors="0">
  <testcase name="invoiceAmountEmptyValidation" time="0.376" classname="com.swedbank.factoring.automation.testcases.Test_FactoringCalculator">
    <failure type="org.openqa.selenium.interactions.MoveTargetOutOfBoundsException" message="move target out of bounds
  (Session info: chrome=107.0.5304.87)
Build info: version: &amp;apos;4.4.0&amp;apos;, revision: &amp;apos;e5c75ed026a&amp;apos;
System info: host: &amp;apos;GE00371M.local&amp;apos;, ip: &amp;apos;2001:7d0:82c0:ef00:bc64:203f:93fd:4f57%en0&amp;apos;, os.name: &amp;apos;Mac OS X&amp;apos;, os.arch: &amp;apos;x86_64&amp;apos;, os.version: &amp;apos;11.6.8&amp;apos;, java.version: &amp;apos;1.8.0_341&amp;apos;
Driver info: org.openqa.selenium.chrome.ChromeDriver
Command: [56ec7b0e73c8f4b45dd8856ffc508b85, actions {actions=[org.openqa.selenium.interactions.Sequence@12454a4b]}]
Capabilities {acceptInsecureCerts: false, browserName: chrome, browserVersion: 107.0.5304.87, chrome: {chromedriverVersion: 107.0.5304.62 (1eec40d3a576..., userDataDir: /var/folders/0m/fvmjrzt11z5...}, goog:chromeOptions: {debuggerAddress: localhost:49542}, networkConnectionEnabled: false, pageLoadStrategy: normal, platformName: MAC, proxy: Proxy(), se:cdp: ws://localhost:49542/devtoo..., se:cdpVersion: 107.0.5304.87, setWindowRect: true, strictFileInteractability: false, timeouts: {implicit: 0, pageLoad: 300000, script: 30000}, unhandledPromptBehavior: dismiss and notify, webauthn:extension:credBlob: true, webauthn:extension:largeBlob: true, webauthn:virtualAuthenticators: true}
Session ID: 56ec7b0e73c8f4b45dd8856ffc508b85">
      <![CDATA[org.openqa.selenium.interactions.MoveTargetOutOfBoundsException: move target out of bounds
  (Session info: chrome=107.0.5304.87)
Build info: version: '4.4.0', revision: 'e5c75ed026a'
System info: host: 'GE00371M.local', ip: '2001:7d0:82c0:ef00:bc64:203f:93fd:4f57%en0', os.name: 'Mac OS X', os.arch: 'x86_64', os.version: '11.6.8', java.version: '1.8.0_341'
Driver info: org.openqa.selenium.chrome.ChromeDriver
Command: [56ec7b0e73c8f4b45dd8856ffc508b85, actions {actions=[org.openqa.selenium.interactions.Sequence@12454a4b]}]
Capabilities {acceptInsecureCerts: false, browserName: chrome, browserVersion: 107.0.5304.87, chrome: {chromedriverVersion: 107.0.5304.62 (1eec40d3a576..., userDataDir: /var/folders/0m/fvmjrzt11z5...}, goog:chromeOptions: {debuggerAddress: localhost:49542}, networkConnectionEnabled: false, pageLoadStrategy: normal, platformName: MAC, proxy: Proxy(), se:cdp: ws://localhost:49542/devtoo..., se:cdpVersion: 107.0.5304.87, setWindowRect: true, strictFileInteractability: false, timeouts: {implicit: 0, pageLoad: 300000, script: 30000}, unhandledPromptBehavior: dismiss and notify, webauthn:extension:credBlob: true, webauthn:extension:largeBlob: true, webauthn:virtualAuthenticators: true}
Session ID: 56ec7b0e73c8f4b45dd8856ffc508b85
at org.openqa.selenium.remote.codec.w3c.W3CHttpResponseCodec.createException(W3CHttpResponseCodec.java:200)
at org.openqa.selenium.remote.codec.w3c.W3CHttpResponseCodec.decode(W3CHttpResponseCodec.java:133)
at org.openqa.selenium.remote.codec.w3c.W3CHttpResponseCodec.decode(W3CHttpResponseCodec.java:53)
at org.openqa.selenium.remote.HttpCommandExecutor.execute(HttpCommandExecutor.java:184)
at org.openqa.selenium.remote.service.DriverCommandExecutor.invokeExecute(DriverCommandExecutor.java:167)
at org.openqa.selenium.remote.service.DriverCommandExecutor.execute(DriverCommandExecutor.java:142)
at org.openqa.selenium.remote.RemoteWebDriver.execute(RemoteWebDriver.java:547)
at org.openqa.selenium.remote.RemoteWebDriver.perform(RemoteWebDriver.java:615)
at org.openqa.selenium.interactions.Actions$BuiltAction.perform(Actions.java:567)
at org.openqa.selenium.interactions.Actions.perform(Actions.java:536)
at com.swedbank.factoring.automation.pages.FactoringCalculatorPage.invoiceAmountEmptyValidation(FactoringCalculatorPage.java:150)
at com.swedbank.factoring.automation.testcases.Test_FactoringCalculator.invoiceAmountEmptyValidation(Test_FactoringCalculator.java:45)
at java.util.concurrent.ThreadPoolExecutor.runWorker(ThreadPoolExecutor.java:1149)
at java.util.concurrent.ThreadPoolExecutor$Worker.run(ThreadPoolExecutor.java:624)
at java.lang.Thread.run(Thread.java:750)
... Removed 16 stack frames]]>
    </failure>
  </testcase> <!-- invoiceAmountEmptyValidation -->
  <testcase name="landingPage" time="0.969" classname="com.swedbank.factoring.automation.testcases.Test_LandingPage"/>
  <testcase name="sectionDefaultValidations" time="3.436" classname="com.swedbank.factoring.automation.testcases.Test_FactoringCalculator"/>
  <testcase name="usingSwedBanklogo" time="9.674" classname="com.swedbank.factoring.automation.testcases.Test_LoginPage"/>
  <testcase name="langOnLandingPage" time="10.915" classname="com.swedbank.factoring.automation.testcases.Test_LandingPage"/>
  <testcase name="usingLoginButton" time="13.981" classname="com.swedbank.factoring.automation.testcases.Test_LoginPage"/>
  <testcase name="advanceRateValidation" time="1.45" classname="com.swedbank.factoring.automation.testcases.Test_FactoringCalculator"/>
  <testcase name="invoiceAmountZeroValidation" time="1.615" classname="com.swedbank.factoring.automation.testcases.Test_FactoringCalculator"/>
  <testcase name="usingApplyButton" time="15.056" classname="com.swedbank.factoring.automation.testcases.Test_LoginPage"/>
  <testcase name="interestRateAlphaNumericValidation" time="1.471" classname="com.swedbank.factoring.automation.testcases.Test_FactoringCalculator"/>
  <testcase name="invoiceAmountAplhaNumericValidation" time="32.809" classname="com.swedbank.factoring.automation.testcases.Test_FactoringCalculator">
    <failure type="org.openqa.selenium.NoSuchElementException" message="no such element: Unable to locate element: {&amp;quot;method&amp;quot;:&amp;quot;xpath&amp;quot;,&amp;quot;selector&amp;quot;:&amp;quot;//div[@class=&amp;apos;error validation-message&amp;apos;]&amp;quot;}
  (Session info: chrome=107.0.5304.87)
For documentation on this error, please visit: https://selenium.dev/exceptions/#no_such_element
Build info: version: &amp;apos;4.4.0&amp;apos;, revision: &amp;apos;e5c75ed026a&amp;apos;
System info: host: &amp;apos;GE00371M.local&amp;apos;, ip: &amp;apos;2001:7d0:82c0:ef00:bc64:203f:93fd:4f57%en0&amp;apos;, os.name: &amp;apos;Mac OS X&amp;apos;, os.arch: &amp;apos;x86_64&amp;apos;, os.version: &amp;apos;11.6.8&amp;apos;, java.version: &amp;apos;1.8.0_341&amp;apos;
Driver info: org.openqa.selenium.chrome.ChromeDriver
Command: [e75d607e7735a1a55f7ecd0c2a73d201, findElement {using=xpath, value=//div[@class=&amp;apos;error validation-message&amp;apos;]}]
Capabilities {acceptInsecureCerts: false, browserName: chrome, browserVersion: 107.0.5304.87, chrome: {chromedriverVersion: 107.0.5304.62 (1eec40d3a576..., userDataDir: /var/folders/0m/fvmjrzt11z5...}, goog:chromeOptions: {debuggerAddress: localhost:49527}, networkConnectionEnabled: false, pageLoadStrategy: normal, platformName: MAC, proxy: Proxy(), se:cdp: ws://localhost:49527/devtoo..., se:cdpVersion: 107.0.5304.87, setWindowRect: true, strictFileInteractability: false, timeouts: {implicit: 0, pageLoad: 300000, script: 30000}, unhandledPromptBehavior: dismiss and notify, webauthn:extension:credBlob: true, webauthn:extension:largeBlob: true, webauthn:virtualAuthenticators: true}
Session ID: e75d607e7735a1a55f7ecd0c2a73d201">
      <![CDATA[org.openqa.selenium.NoSuchElementException: no such element: Unable to locate element: {"method":"xpath","selector":"//div[@class='error validation-message']"}
  (Session info: chrome=107.0.5304.87)
For documentation on this error, please visit: https://selenium.dev/exceptions/#no_such_element
Build info: version: '4.4.0', revision: 'e5c75ed026a'
System info: host: 'GE00371M.local', ip: '2001:7d0:82c0:ef00:bc64:203f:93fd:4f57%en0', os.name: 'Mac OS X', os.arch: 'x86_64', os.version: '11.6.8', java.version: '1.8.0_341'
Driver info: org.openqa.selenium.chrome.ChromeDriver
Command: [e75d607e7735a1a55f7ecd0c2a73d201, findElement {using=xpath, value=//div[@class='error validation-message']}]
Capabilities {acceptInsecureCerts: false, browserName: chrome, browserVersion: 107.0.5304.87, chrome: {chromedriverVersion: 107.0.5304.62 (1eec40d3a576..., userDataDir: /var/folders/0m/fvmjrzt11z5...}, goog:chromeOptions: {debuggerAddress: localhost:49527}, networkConnectionEnabled: false, pageLoadStrategy: normal, platformName: MAC, proxy: Proxy(), se:cdp: ws://localhost:49527/devtoo..., se:cdpVersion: 107.0.5304.87, setWindowRect: true, strictFileInteractability: false, timeouts: {implicit: 0, pageLoad: 300000, script: 30000}, unhandledPromptBehavior: dismiss and notify, webauthn:extension:credBlob: true, webauthn:extension:largeBlob: true, webauthn:virtualAuthenticators: true}
Session ID: e75d607e7735a1a55f7ecd0c2a73d201
at org.openqa.selenium.remote.codec.w3c.W3CHttpResponseCodec.createException(W3CHttpResponseCodec.java:200)
at org.openqa.selenium.remote.codec.w3c.W3CHttpResponseCodec.decode(W3CHttpResponseCodec.java:133)
at org.openqa.selenium.remote.codec.w3c.W3CHttpResponseCodec.decode(W3CHttpResponseCodec.java:53)
at org.openqa.selenium.remote.HttpCommandExecutor.execute(HttpCommandExecutor.java:184)
at org.openqa.selenium.remote.service.DriverCommandExecutor.invokeExecute(DriverCommandExecutor.java:167)
at org.openqa.selenium.remote.service.DriverCommandExecutor.execute(DriverCommandExecutor.java:142)
at org.openqa.selenium.remote.RemoteWebDriver.execute(RemoteWebDriver.java:547)
at org.openqa.selenium.remote.ElementLocation$ElementFinder$2.findElement(ElementLocation.java:162)
at org.openqa.selenium.remote.ElementLocation.findElement(ElementLocation.java:60)
at org.openqa.selenium.remote.RemoteWebDriver.findElement(RemoteWebDriver.java:365)
at org.openqa.selenium.remote.RemoteWebDriver.findElement(RemoteWebDriver.java:357)
at org.openqa.selenium.support.pagefactory.DefaultElementLocator.findElement(DefaultElementLocator.java:70)
at org.openqa.selenium.support.pagefactory.internal.LocatingElementHandler.invoke(LocatingElementHandler.java:39)
at com.sun.proxy.$Proxy15.getText(Unknown Source)
at com.swedbank.factoring.automation.pages.FactoringCalculatorPage.invoiceAmountAplhaNumericValidation(FactoringCalculatorPage.java:141)
at com.swedbank.factoring.automation.testcases.Test_FactoringCalculator.invoiceAmountAplhaNumericValidation(Test_FactoringCalculator.java:35)
at java.util.concurrent.ThreadPoolExecutor.runWorker(ThreadPoolExecutor.java:1149)
at java.util.concurrent.ThreadPoolExecutor$Worker.run(ThreadPoolExecutor.java:624)
at java.lang.Thread.run(Thread.java:750)
... Removed 16 stack frames]]>
    </failure>
  </testcase> <!-- invoiceAmountAplhaNumericValidation -->
  <testcase name="interestRateEmptyValidation" time="1.494" classname="com.swedbank.factoring.automation.testcases.Test_FactoringCalculator"/>
  <testcase name="becomeACustomer" time="35.851" classname="com.swedbank.factoring.automation.testcases.Test_LandingPage"/>
  <testcase name="paymentTermValidation" time="1.112" classname="com.swedbank.factoring.automation.testcases.Test_FactoringCalculator"/>
  <testcase name="commissionFeesAlphaNumericValidation" time="1.656" classname="com.swedbank.factoring.automation.testcases.Test_FactoringCalculator"/>
  <testcase name="interestRateAboveLimitsValidation" time="1.386" classname="com.swedbank.factoring.automation.testcases.Test_FactoringCalculator"/>
  <testcase name="navigatingTabs" time="37.275" classname="com.swedbank.factoring.automation.testcases.Test_LandingPage"/>
  <testcase name="applyButtonValidation" time="1.694" classname="com.swedbank.factoring.automation.testcases.Test_FactoringCalculator"/>
  <testcase name="docAndFeesTabGeneralConditionsValidation" time="3.007" classname="com.swedbank.factoring.automation.testcases.Test_FactoringCalculator"/>
  <testcase name="howToApplyTabValidation" time="2.114" classname="com.swedbank.factoring.automation.testcases.Test_FactoringCalculator"/>
  <testcase name="docAndFeesInvoiceListValidation" time="4.441" classname="com.swedbank.factoring.automation.testcases.Test_FactoringCalculator"/>
  <testcase name="docAndfeesClaimDocValidation" time="4.554" classname="com.swedbank.factoring.automation.testcases.Test_FactoringCalculator"/>
  <testcase name="commissionFeesEmptyValidation" time="0.0" classname="com.swedbank.factoring.automation.testcases.Test_FactoringCalculator">
    <ignored/>
  </testcase> <!-- commissionFeesEmptyValidation -->
  <testcase name="@BeforeSuite datDrivenSuite" time="0.0" classname="com.swedbank.factoring.automation.pages.BaseClass">
    <ignored/>
  </testcase> <!-- @BeforeSuite datDrivenSuite -->
  <testcase name="@BeforeSuite datDrivenSuite" time="0.0" classname="com.swedbank.factoring.automation.pages.BaseClass">
    <ignored/>
  </testcase> <!-- @BeforeSuite datDrivenSuite -->
</testsuite> <!-- FactoringPageTests -->
