<html>
<head>
<title>TestNG:  FactoringPageTests</title>
<link href="../testng.css" rel="stylesheet" type="text/css" />
<link href="../my-testng.css" rel="stylesheet" type="text/css" />

<style type="text/css">
.log { display: none;} 
.stack-trace { display: none;} 
</style>
<script type="text/javascript">
<!--
function flip(e) {
  current = e.style.display;
  if (current == 'block') {
    e.style.display = 'none';
    return 0;
  }
  else {
    e.style.display = 'block';
    return 1;
  }
}

function toggleBox(szDivId, elem, msg1, msg2)
{
  var res = -1;  if (document.getElementById) {
    res = flip(document.getElementById(szDivId));
  }
  else if (document.all) {
    // this is the way old msie versions work
    res = flip(document.all[szDivId]);
  }
  if(elem) {
    if(res == 0) elem.innerHTML = msg1; else elem.innerHTML = msg2;
  }

}

function toggleAllBoxes() {
  if (document.getElementsByTagName) {
    d = document.getElementsByTagName('div');
    for (i = 0; i < d.length; i++) {
      if (d[i].className == 'log') {
        flip(d[i]);
      }
    }
  }
}

// -->
</script>

</head>
<body>
<h2 align='center'>FactoringPageTests</h2><table border='1' align="center">
<tr>
<td>Tests passed/Failed/Skipped:</td><td>20/2/0</td>
</tr><tr>
<td>Started on:</td><td>Thu Nov 10 01:40:12 EET 2022</td>
</tr>
<tr><td>Total time:</td><td>61 seconds (61808 ms)</td>
</tr><tr>
<td>Included groups:</td><td></td>
</tr><tr>
<td>Excluded groups:</td><td></td>
</tr>
</table><p/>
<small><i>(Hover the method name to see the test class name)</i></small><p/>
<table width='100%' border='1' class='invocation-failed'>
<tr><td colspan='4' align='center'><b>FAILED TESTS</b></td></tr>
<tr><td><b>Test method</b></td>
<td width="30%"><b>Exception</b></td>
<td width="10%"><b>Time (seconds)</b></td>
<td><b>Instance</b></td>
</tr>
<tr>
<td title='com.swedbank.factoring.automation.testcases.Test_FactoringCalculator.sectionDefaultValidations()'><b>sectionDefaultValidations</b><br>Test class: com.swedbank.factoring.automation.testcases.Test_FactoringCalculator</td>
<td><div><pre>org.openqa.selenium.NoSuchElementException: no such element: Unable to locate element: {&quot;method&quot;:&quot;xpath&quot;,&quot;selector&quot;:&quot;//select[@id=&apos;D6&apos;]&quot;}
  (Session info: chrome=107.0.5304.87)
For documentation on this error, please visit: https://selenium.dev/exceptions/#no_such_element
Build info: version: &apos;4.4.0&apos;, revision: &apos;e5c75ed026a&apos;
System info: host: &apos;GE00371M.lan&apos;, ip: &apos;2001:7d0:82c0:ef00:5c8f:3943:fecb:df8%en0&apos;, os.name: &apos;Mac OS X&apos;, os.arch: &apos;x86_64&apos;, os.version: &apos;11.6.8&apos;, java.version: &apos;1.8.0_341&apos;
Driver info: org.openqa.selenium.chrome.ChromeDriver
Command: [8fb4a5d1d358d47da4f520b606a85756, findElement {using=xpath, value=//select[@id=&apos;D6&apos;]}]
Capabilities {acceptInsecureCerts: false, browserName: chrome, browserVersion: 107.0.5304.87, chrome: {chromedriverVersion: 107.0.5304.62 (1eec40d3a576..., userDataDir: /var/folders/0m/fvmjrzt11z5...}, goog:chromeOptions: {debuggerAddress: localhost:55125}, networkConnectionEnabled: false, pageLoadStrategy: normal, platformName: MAC, proxy: Proxy(), se:cdp: ws://localhost:55125/devtoo..., se:cdpVersion: 107.0.5304.87, setWindowRect: true, strictFileInteractability: false, timeouts: {implicit: 0, pageLoad: 300000, script: 30000}, unhandledPromptBehavior: dismiss and notify, webauthn:extension:credBlob: true, webauthn:extension:largeBlob: true, webauthn:virtualAuthenticators: true}
Session ID: 8fb4a5d1d358d47da4f520b606a85756
	at org.openqa.selenium.remote.codec.w3c.W3CHttpResponseCodec.createException(W3CHttpResponseCodec.java:200)
	at org.openqa.selenium.remote.codec.w3c.W3CHttpResponseCodec.decode(W3CHttpResponseCodec.java:133)
	at org.openqa.selenium.remote.codec.w3c.W3CHttpResponseCodec.decode(W3CHttpResponseCodec.java:53)
	at org.openqa.selenium.remote.HttpCommandExecutor.execute(HttpCommandExecutor.java:184)
	at org.openqa.selenium.remote.service.DriverCommandExecutor.invokeExecute(DriverCommandExecutor.java:167)
	at org.openqa.selenium.remote.service.DriverCommandExecutor.execute(DriverCommandExecutor.java:142)
	at org.openqa.selenium.remote.RemoteWebDriver.execute(RemoteWebDriver.java:547)
	at org.openqa.selenium.remote.ElementLocation$ElementFinder$2.findElement(ElementLocation.java:162)
	at org.openqa.selenium.remote.ElementLocation.findElement(ElementLocation.java:60)
	at org.openqa.selenium.remote.RemoteWebDriver.findElement(RemoteWebDriver.java:365)
	at org.openqa.selenium.remote.RemoteWebDriver.findElement(RemoteWebDriver.java:357)
	at org.openqa.selenium.support.pagefactory.DefaultElementLocator.findElement(DefaultElementLocator.java:70)
	at org.openqa.selenium.support.pagefactory.internal.LocatingElementHandler.invoke(LocatingElementHandler.java:39)
	at com.sun.proxy.$Proxy13.findElements(Unknown Source)
	at org.openqa.selenium.support.ui.Select.getOptions(Select.java:79)
	at org.openqa.selenium.support.ui.Select.getFirstSelectedOption(Select.java:97)
	at com.swedbank.factoring.automation.pages.FactoringCalculatorPage.getDefaultAdvanceRate(FactoringCalculatorPage.java:73)
	at com.swedbank.factoring.automation.testcases.Test_FactoringCalculator.sectionDefaultValidations(Test_FactoringCalculator.java:20)
	at java.util.concurrent.ThreadPoolExecutor.runWorker(ThreadPoolExecutor.java:1149)
	at java.util.concurrent.ThreadPoolExecutor$Worker.run(ThreadPoolExecutor.java:624)
	at java.lang.Thread.run(Thread.java:750)
... Removed 16 stack frames</pre></div><a href='#' onClick='toggleBox("stack-trace1499791572", this, "Click to show all stack frames", "Click to hide stack frames")'>Click to show all stack frames</a>
<div class='stack-trace' id='stack-trace1499791572'><pre>org.openqa.selenium.NoSuchElementException: no such element: Unable to locate element: {&quot;method&quot;:&quot;xpath&quot;,&quot;selector&quot;:&quot;//select[@id=&apos;D6&apos;]&quot;}
  (Session info: chrome=107.0.5304.87)
For documentation on this error, please visit: https://selenium.dev/exceptions/#no_such_element
Build info: version: &apos;4.4.0&apos;, revision: &apos;e5c75ed026a&apos;
System info: host: &apos;GE00371M.lan&apos;, ip: &apos;2001:7d0:82c0:ef00:5c8f:3943:fecb:df8%en0&apos;, os.name: &apos;Mac OS X&apos;, os.arch: &apos;x86_64&apos;, os.version: &apos;11.6.8&apos;, java.version: &apos;1.8.0_341&apos;
Driver info: org.openqa.selenium.chrome.ChromeDriver
Command: [8fb4a5d1d358d47da4f520b606a85756, findElement {using=xpath, value=//select[@id=&apos;D6&apos;]}]
Capabilities {acceptInsecureCerts: false, browserName: chrome, browserVersion: 107.0.5304.87, chrome: {chromedriverVersion: 107.0.5304.62 (1eec40d3a576..., userDataDir: /var/folders/0m/fvmjrzt11z5...}, goog:chromeOptions: {debuggerAddress: localhost:55125}, networkConnectionEnabled: false, pageLoadStrategy: normal, platformName: MAC, proxy: Proxy(), se:cdp: ws://localhost:55125/devtoo..., se:cdpVersion: 107.0.5304.87, setWindowRect: true, strictFileInteractability: false, timeouts: {implicit: 0, pageLoad: 300000, script: 30000}, unhandledPromptBehavior: dismiss and notify, webauthn:extension:credBlob: true, webauthn:extension:largeBlob: true, webauthn:virtualAuthenticators: true}
Session ID: 8fb4a5d1d358d47da4f520b606a85756
	at sun.reflect.NativeConstructorAccessorImpl.newInstance0(Native Method)
	at sun.reflect.NativeConstructorAccessorImpl.newInstance(NativeConstructorAccessorImpl.java:62)
	at sun.reflect.DelegatingConstructorAccessorImpl.newInstance(DelegatingConstructorAccessorImpl.java:45)
	at java.lang.reflect.Constructor.newInstance(Constructor.java:423)
	at org.openqa.selenium.remote.codec.w3c.W3CHttpResponseCodec.createException(W3CHttpResponseCodec.java:200)
	at org.openqa.selenium.remote.codec.w3c.W3CHttpResponseCodec.decode(W3CHttpResponseCodec.java:133)
	at org.openqa.selenium.remote.codec.w3c.W3CHttpResponseCodec.decode(W3CHttpResponseCodec.java:53)
	at org.openqa.selenium.remote.HttpCommandExecutor.execute(HttpCommandExecutor.java:184)
	at org.openqa.selenium.remote.service.DriverCommandExecutor.invokeExecute(DriverCommandExecutor.java:167)
	at org.openqa.selenium.remote.service.DriverCommandExecutor.execute(DriverCommandExecutor.java:142)
	at org.openqa.selenium.remote.RemoteWebDriver.execute(RemoteWebDriver.java:547)
	at org.openqa.selenium.remote.ElementLocation$ElementFinder$2.findElement(ElementLocation.java:162)
	at org.openqa.selenium.remote.ElementLocation.findElement(ElementLocation.java:60)
	at org.openqa.selenium.remote.RemoteWebDriver.findElement(RemoteWebDriver.java:365)
	at org.openqa.selenium.remote.RemoteWebDriver.findElement(RemoteWebDriver.java:357)
	at org.openqa.selenium.support.pagefactory.DefaultElementLocator.findElement(DefaultElementLocator.java:70)
	at org.openqa.selenium.support.pagefactory.internal.LocatingElementHandler.invoke(LocatingElementHandler.java:39)
	at com.sun.proxy.$Proxy13.findElements(Unknown Source)
	at org.openqa.selenium.support.ui.Select.getOptions(Select.java:79)
	at org.openqa.selenium.support.ui.Select.getFirstSelectedOption(Select.java:97)
	at com.swedbank.factoring.automation.pages.FactoringCalculatorPage.getDefaultAdvanceRate(FactoringCalculatorPage.java:73)
	at com.swedbank.factoring.automation.testcases.Test_FactoringCalculator.sectionDefaultValidations(Test_FactoringCalculator.java:20)
	at sun.reflect.NativeMethodAccessorImpl.invoke0(Native Method)
	at sun.reflect.NativeMethodAccessorImpl.invoke(NativeMethodAccessorImpl.java:62)
	at sun.reflect.DelegatingMethodAccessorImpl.invoke(DelegatingMethodAccessorImpl.java:43)
	at java.lang.reflect.Method.invoke(Method.java:498)
	at org.testng.internal.MethodInvocationHelper.invokeMethod(MethodInvocationHelper.java:133)
	at org.testng.internal.TestInvoker.invokeMethod(TestInvoker.java:598)
	at org.testng.internal.TestInvoker.invokeTestMethod(TestInvoker.java:173)
	at org.testng.internal.MethodRunner.runInSequence(MethodRunner.java:46)
	at org.testng.internal.TestInvoker$MethodInvocationAgent.invoke(TestInvoker.java:824)
	at org.testng.internal.TestInvoker.invokeTestMethods(TestInvoker.java:146)
	at org.testng.internal.TestMethodWorker.invokeTestMethods(TestMethodWorker.java:146)
	at org.testng.internal.TestMethodWorker.run(TestMethodWorker.java:128)
	at java.util.concurrent.ThreadPoolExecutor.runWorker(ThreadPoolExecutor.java:1149)
	at java.util.concurrent.ThreadPoolExecutor$Worker.run(ThreadPoolExecutor.java:624)
	at java.lang.Thread.run(Thread.java:750)
</pre></div></td>
<td>32</td>
<td>com.swedbank.factoring.automation.testcases.Test_FactoringCalculator@6321e813</td></tr>
<tr>
<td title='com.swedbank.factoring.automation.testcases.Test_FactoringCalculator.invoiceAmountEmptyValidation()'><b>invoiceAmountEmptyValidation</b><br>Test class: com.swedbank.factoring.automation.testcases.Test_FactoringCalculator</td>
<td><div><pre>org.openqa.selenium.interactions.MoveTargetOutOfBoundsException: move target out of bounds
  (Session info: chrome=107.0.5304.87)
Build info: version: &apos;4.4.0&apos;, revision: &apos;e5c75ed026a&apos;
System info: host: &apos;GE00371M.lan&apos;, ip: &apos;2001:7d0:82c0:ef00:5c8f:3943:fecb:df8%en0&apos;, os.name: &apos;Mac OS X&apos;, os.arch: &apos;x86_64&apos;, os.version: &apos;11.6.8&apos;, java.version: &apos;1.8.0_341&apos;
Driver info: org.openqa.selenium.chrome.ChromeDriver
Command: [1dfb7a5e6dd5e1784940444a175ad6b0, actions {actions=[org.openqa.selenium.interactions.Sequence@30163394]}]
Capabilities {acceptInsecureCerts: false, browserName: chrome, browserVersion: 107.0.5304.87, chrome: {chromedriverVersion: 107.0.5304.62 (1eec40d3a576..., userDataDir: /var/folders/0m/fvmjrzt11z5...}, goog:chromeOptions: {debuggerAddress: localhost:55127}, networkConnectionEnabled: false, pageLoadStrategy: normal, platformName: MAC, proxy: Proxy(), se:cdp: ws://localhost:55127/devtoo..., se:cdpVersion: 107.0.5304.87, setWindowRect: true, strictFileInteractability: false, timeouts: {implicit: 0, pageLoad: 300000, script: 30000}, unhandledPromptBehavior: dismiss and notify, webauthn:extension:credBlob: true, webauthn:extension:largeBlob: true, webauthn:virtualAuthenticators: true}
Session ID: 1dfb7a5e6dd5e1784940444a175ad6b0
	at org.openqa.selenium.remote.codec.w3c.W3CHttpResponseCodec.createException(W3CHttpResponseCodec.java:200)
	at org.openqa.selenium.remote.codec.w3c.W3CHttpResponseCodec.decode(W3CHttpResponseCodec.java:133)
	at org.openqa.selenium.remote.codec.w3c.W3CHttpResponseCodec.decode(W3CHttpResponseCodec.java:53)
	at org.openqa.selenium.remote.HttpCommandExecutor.execute(HttpCommandExecutor.java:184)
	at org.openqa.selenium.remote.service.DriverCommandExecutor.invokeExecute(DriverCommandExecutor.java:167)
	at org.openqa.selenium.remote.service.DriverCommandExecutor.execute(DriverCommandExecutor.java:142)
	at org.openqa.selenium.remote.RemoteWebDriver.execute(RemoteWebDriver.java:547)
	at org.openqa.selenium.remote.RemoteWebDriver.perform(RemoteWebDriver.java:615)
	at org.openqa.selenium.interactions.Actions$BuiltAction.perform(Actions.java:567)
	at org.openqa.selenium.interactions.Actions.perform(Actions.java:536)
	at com.swedbank.factoring.automation.pages.FactoringCalculatorPage.invoiceAmountEmptyValidation(FactoringCalculatorPage.java:150)
	at com.swedbank.factoring.automation.testcases.Test_FactoringCalculator.invoiceAmountEmptyValidation(Test_FactoringCalculator.java:45)
	at java.util.concurrent.ThreadPoolExecutor.runWorker(ThreadPoolExecutor.java:1149)
	at java.util.concurrent.ThreadPoolExecutor$Worker.run(ThreadPoolExecutor.java:624)
	at java.lang.Thread.run(Thread.java:750)
... Removed 16 stack frames</pre></div><a href='#' onClick='toggleBox("stack-trace170765570", this, "Click to show all stack frames", "Click to hide stack frames")'>Click to show all stack frames</a>
<div class='stack-trace' id='stack-trace170765570'><pre>org.openqa.selenium.interactions.MoveTargetOutOfBoundsException: move target out of bounds
  (Session info: chrome=107.0.5304.87)
Build info: version: &apos;4.4.0&apos;, revision: &apos;e5c75ed026a&apos;
System info: host: &apos;GE00371M.lan&apos;, ip: &apos;2001:7d0:82c0:ef00:5c8f:3943:fecb:df8%en0&apos;, os.name: &apos;Mac OS X&apos;, os.arch: &apos;x86_64&apos;, os.version: &apos;11.6.8&apos;, java.version: &apos;1.8.0_341&apos;
Driver info: org.openqa.selenium.chrome.ChromeDriver
Command: [1dfb7a5e6dd5e1784940444a175ad6b0, actions {actions=[org.openqa.selenium.interactions.Sequence@30163394]}]
Capabilities {acceptInsecureCerts: false, browserName: chrome, browserVersion: 107.0.5304.87, chrome: {chromedriverVersion: 107.0.5304.62 (1eec40d3a576..., userDataDir: /var/folders/0m/fvmjrzt11z5...}, goog:chromeOptions: {debuggerAddress: localhost:55127}, networkConnectionEnabled: false, pageLoadStrategy: normal, platformName: MAC, proxy: Proxy(), se:cdp: ws://localhost:55127/devtoo..., se:cdpVersion: 107.0.5304.87, setWindowRect: true, strictFileInteractability: false, timeouts: {implicit: 0, pageLoad: 300000, script: 30000}, unhandledPromptBehavior: dismiss and notify, webauthn:extension:credBlob: true, webauthn:extension:largeBlob: true, webauthn:virtualAuthenticators: true}
Session ID: 1dfb7a5e6dd5e1784940444a175ad6b0
	at sun.reflect.NativeConstructorAccessorImpl.newInstance0(Native Method)
	at sun.reflect.NativeConstructorAccessorImpl.newInstance(NativeConstructorAccessorImpl.java:62)
	at sun.reflect.DelegatingConstructorAccessorImpl.newInstance(DelegatingConstructorAccessorImpl.java:45)
	at java.lang.reflect.Constructor.newInstance(Constructor.java:423)
	at org.openqa.selenium.remote.codec.w3c.W3CHttpResponseCodec.createException(W3CHttpResponseCodec.java:200)
	at org.openqa.selenium.remote.codec.w3c.W3CHttpResponseCodec.decode(W3CHttpResponseCodec.java:133)
	at org.openqa.selenium.remote.codec.w3c.W3CHttpResponseCodec.decode(W3CHttpResponseCodec.java:53)
	at org.openqa.selenium.remote.HttpCommandExecutor.execute(HttpCommandExecutor.java:184)
	at org.openqa.selenium.remote.service.DriverCommandExecutor.invokeExecute(DriverCommandExecutor.java:167)
	at org.openqa.selenium.remote.service.DriverCommandExecutor.execute(DriverCommandExecutor.java:142)
	at org.openqa.selenium.remote.RemoteWebDriver.execute(RemoteWebDriver.java:547)
	at org.openqa.selenium.remote.RemoteWebDriver.perform(RemoteWebDriver.java:615)
	at org.openqa.selenium.interactions.Actions$BuiltAction.perform(Actions.java:567)
	at org.openqa.selenium.interactions.Actions.perform(Actions.java:536)
	at com.swedbank.factoring.automation.pages.FactoringCalculatorPage.invoiceAmountEmptyValidation(FactoringCalculatorPage.java:150)
	at com.swedbank.factoring.automation.testcases.Test_FactoringCalculator.invoiceAmountEmptyValidation(Test_FactoringCalculator.java:45)
	at sun.reflect.NativeMethodAccessorImpl.invoke0(Native Method)
	at sun.reflect.NativeMethodAccessorImpl.invoke(NativeMethodAccessorImpl.java:62)
	at sun.reflect.DelegatingMethodAccessorImpl.invoke(DelegatingMethodAccessorImpl.java:43)
	at java.lang.reflect.Method.invoke(Method.java:498)
	at org.testng.internal.MethodInvocationHelper.invokeMethod(MethodInvocationHelper.java:133)
	at org.testng.internal.TestInvoker.invokeMethod(TestInvoker.java:598)
	at org.testng.internal.TestInvoker.invokeTestMethod(TestInvoker.java:173)
	at org.testng.internal.MethodRunner.runInSequence(MethodRunner.java:46)
	at org.testng.internal.TestInvoker$MethodInvocationAgent.invoke(TestInvoker.java:824)
	at org.testng.internal.TestInvoker.invokeTestMethods(TestInvoker.java:146)
	at org.testng.internal.TestMethodWorker.invokeTestMethods(TestMethodWorker.java:146)
	at org.testng.internal.TestMethodWorker.run(TestMethodWorker.java:128)
	at java.util.concurrent.ThreadPoolExecutor.runWorker(ThreadPoolExecutor.java:1149)
	at java.util.concurrent.ThreadPoolExecutor$Worker.run(ThreadPoolExecutor.java:624)
	at java.lang.Thread.run(Thread.java:750)
</pre></div></td>
<td>0</td>
<td>com.swedbank.factoring.automation.testcases.Test_FactoringCalculator@6321e813</td></tr>
</table><p>
<table width='100%' border='1' class='invocation-passed'>
<tr><td colspan='4' align='center'><b>PASSED TESTS</b></td></tr>
<tr><td><b>Test method</b></td>
<td width="30%"><b>Exception</b></td>
<td width="10%"><b>Time (seconds)</b></td>
<td><b>Instance</b></td>
</tr>
<tr>
<td title='com.swedbank.factoring.automation.testcases.Test_FactoringCalculator.applyButtonValidation()'><b>applyButtonValidation</b><br>Test class: com.swedbank.factoring.automation.testcases.Test_FactoringCalculator</td>
<td></td>
<td>1</td>
<td>com.swedbank.factoring.automation.testcases.Test_FactoringCalculator@6321e813</td></tr>
<tr>
<td title='com.swedbank.factoring.automation.testcases.Test_FactoringCalculator.invoiceAmountZeroValidation()'><b>invoiceAmountZeroValidation</b><br>Test class: com.swedbank.factoring.automation.testcases.Test_FactoringCalculator</td>
<td></td>
<td>0</td>
<td>com.swedbank.factoring.automation.testcases.Test_FactoringCalculator@6321e813</td></tr>
<tr>
<td title='com.swedbank.factoring.automation.testcases.Test_FactoringCalculator.advanceRateValidation()'><b>advanceRateValidation</b><br>Test class: com.swedbank.factoring.automation.testcases.Test_FactoringCalculator</td>
<td></td>
<td>1</td>
<td>com.swedbank.factoring.automation.testcases.Test_FactoringCalculator@6321e813</td></tr>
<tr>
<td title='com.swedbank.factoring.automation.testcases.Test_LandingPage.navigatingTabs()'><b>navigatingTabs</b><br>Test class: com.swedbank.factoring.automation.testcases.Test_LandingPage</td>
<td></td>
<td>35</td>
<td>com.swedbank.factoring.automation.testcases.Test_LandingPage@3a883ce7</td></tr>
<tr>
<td title='com.swedbank.factoring.automation.testcases.Test_FactoringCalculator.docAndfeesClaimDocValidation()'><b>docAndfeesClaimDocValidation</b><br>Test class: com.swedbank.factoring.automation.testcases.Test_FactoringCalculator</td>
<td></td>
<td>4</td>
<td>com.swedbank.factoring.automation.testcases.Test_FactoringCalculator@6321e813</td></tr>
<tr>
<td title='com.swedbank.factoring.automation.testcases.Test_LoginPage.usingLoginButton()'><b>usingLoginButton</b><br>Test class: com.swedbank.factoring.automation.testcases.Test_LoginPage</td>
<td></td>
<td>13</td>
<td>com.swedbank.factoring.automation.testcases.Test_LoginPage@6e6c3152</td></tr>
<tr>
<td title='com.swedbank.factoring.automation.testcases.Test_LandingPage.langOnLandingPage()'><b>langOnLandingPage</b><br>Test class: com.swedbank.factoring.automation.testcases.Test_LandingPage</td>
<td></td>
<td>10</td>
<td>com.swedbank.factoring.automation.testcases.Test_LandingPage@3a883ce7</td></tr>
<tr>
<td title='com.swedbank.factoring.automation.testcases.Test_FactoringCalculator.invoiceAmountAplhaNumericValidation()'><b>invoiceAmountAplhaNumericValidation</b><br>Test class: com.swedbank.factoring.automation.testcases.Test_FactoringCalculator</td>
<td></td>
<td>1</td>
<td>com.swedbank.factoring.automation.testcases.Test_FactoringCalculator@6321e813</td></tr>
<tr>
<td title='com.swedbank.factoring.automation.testcases.Test_FactoringCalculator.interestRateAboveLimitsValidation()'><b>interestRateAboveLimitsValidation</b><br>Test class: com.swedbank.factoring.automation.testcases.Test_FactoringCalculator</td>
<td></td>
<td>1</td>
<td>com.swedbank.factoring.automation.testcases.Test_FactoringCalculator@6321e813</td></tr>
<tr>
<td title='com.swedbank.factoring.automation.testcases.Test_FactoringCalculator.commissionFeesAlphaNumericValidation()'><b>commissionFeesAlphaNumericValidation</b><br>Test class: com.swedbank.factoring.automation.testcases.Test_FactoringCalculator</td>
<td></td>
<td>1</td>
<td>com.swedbank.factoring.automation.testcases.Test_FactoringCalculator@6321e813</td></tr>
<tr>
<td title='com.swedbank.factoring.automation.testcases.Test_FactoringCalculator.docAndFeesTabGeneralConditionsValidation()'><b>docAndFeesTabGeneralConditionsValidation</b><br>Test class: com.swedbank.factoring.automation.testcases.Test_FactoringCalculator</td>
<td></td>
<td>2</td>
<td>com.swedbank.factoring.automation.testcases.Test_FactoringCalculator@6321e813</td></tr>
<tr>
<td title='com.swedbank.factoring.automation.testcases.Test_LoginPage.usingSwedBanklogo()'><b>usingSwedBanklogo</b><br>Test class: com.swedbank.factoring.automation.testcases.Test_LoginPage</td>
<td></td>
<td>9</td>
<td>com.swedbank.factoring.automation.testcases.Test_LoginPage@6e6c3152</td></tr>
<tr>
<td title='com.swedbank.factoring.automation.testcases.Test_FactoringCalculator.paymentTermValidation()'><b>paymentTermValidation</b><br>Test class: com.swedbank.factoring.automation.testcases.Test_FactoringCalculator</td>
<td></td>
<td>1</td>
<td>com.swedbank.factoring.automation.testcases.Test_FactoringCalculator@6321e813</td></tr>
<tr>
<td title='com.swedbank.factoring.automation.testcases.Test_LandingPage.landingPage()'><b>landingPage</b><br>Test class: com.swedbank.factoring.automation.testcases.Test_LandingPage</td>
<td></td>
<td>0</td>
<td>com.swedbank.factoring.automation.testcases.Test_LandingPage@3a883ce7</td></tr>
<tr>
<td title='com.swedbank.factoring.automation.testcases.Test_FactoringCalculator.docAndFeesInvoiceListValidation()'><b>docAndFeesInvoiceListValidation</b><br>Test class: com.swedbank.factoring.automation.testcases.Test_FactoringCalculator</td>
<td></td>
<td>4</td>
<td>com.swedbank.factoring.automation.testcases.Test_FactoringCalculator@6321e813</td></tr>
<tr>
<td title='com.swedbank.factoring.automation.testcases.Test_FactoringCalculator.howToApplyTabValidation()'><b>howToApplyTabValidation</b><br>Test class: com.swedbank.factoring.automation.testcases.Test_FactoringCalculator</td>
<td></td>
<td>1</td>
<td>com.swedbank.factoring.automation.testcases.Test_FactoringCalculator@6321e813</td></tr>
<tr>
<td title='com.swedbank.factoring.automation.testcases.Test_LoginPage.usingApplyButton()'><b>usingApplyButton</b><br>Test class: com.swedbank.factoring.automation.testcases.Test_LoginPage</td>
<td></td>
<td>14</td>
<td>com.swedbank.factoring.automation.testcases.Test_LoginPage@6e6c3152</td></tr>
<tr>
<td title='com.swedbank.factoring.automation.testcases.Test_FactoringCalculator.interestRateEmptyValidation()'><b>interestRateEmptyValidation</b><br>Test class: com.swedbank.factoring.automation.testcases.Test_FactoringCalculator</td>
<td></td>
<td>2</td>
<td>com.swedbank.factoring.automation.testcases.Test_FactoringCalculator@6321e813</td></tr>
<tr>
<td title='com.swedbank.factoring.automation.testcases.Test_FactoringCalculator.interestRateAlphaNumericValidation()'><b>interestRateAlphaNumericValidation</b><br>Test class: com.swedbank.factoring.automation.testcases.Test_FactoringCalculator</td>
<td></td>
<td>0</td>
<td>com.swedbank.factoring.automation.testcases.Test_FactoringCalculator@6321e813</td></tr>
<tr>
<td title='com.swedbank.factoring.automation.testcases.Test_LandingPage.becomeACustomer()'><b>becomeACustomer</b><br>Test class: com.swedbank.factoring.automation.testcases.Test_LandingPage</td>
<td></td>
<td>35</td>
<td>com.swedbank.factoring.automation.testcases.Test_LandingPage@3a883ce7</td></tr>
</table><p>
</body>
</html>