<!DOCTYPE html PUBLIC "-//W3C//DTD XHTML 1.1//EN" "https://www.w3.org/TR/xhtml11/DTD/xhtml11.dtd">
<html xmlns="https://www.w3.org/1999/xhtml">
<head>
<meta http-equiv="content-type" content="text/html; charset=UTF-8"/>
<title>TestNG Report</title>
<style type="text/css">table {margin-bottom:10px;border-collapse:collapse;empty-cells:show}th,td {border:1px solid #009;padding:.25em .5em}th {vertical-align:bottom}td {vertical-align:top}table a {font-weight:bold}.stripe td {background-color: #E6EBF9}.num {text-align:right}.passedodd td {background-color: #3F3}.passedeven td {background-color: #0A0}.skippedodd td {background-color: #DDD}.skippedeven td {background-color: #CCC}.failedodd td,.attn {background-color: #F33}.failedeven td,.stripe .attn {background-color: #D00}.stacktrace {white-space:pre;font-family:monospace}.totop {font-size:85%;text-align:center;border-bottom:2px solid #000}.invisible {display:none}</style>
</head>
<body>
<table>
<tr><th>Test</th><th># Passed</th><th># Skipped</th><th># Retried</th><th># Failed</th><th>Time (ms)</th><th>Included Groups</th><th>Excluded Groups</th></tr>
<tr><th colspan="8">FactoringTestSuite</th></tr>
<tr><td><a href="#t0">FactoringPageTests</a></td><td class="num">20</td><td class="num">0</td><td class="num">0</td><td class="num attn">2</td><td class="num">61,808</td><td></td><td></td></tr>
</table>
<table id='summary'><thead><tr><th>Class</th><th>Method</th><th>Start</th><th>Time (ms)</th></tr></thead><tbody><tr><th colspan="4">FactoringTestSuite</th></tr></tbody><tbody id="t0"><tr><th colspan="4">FactoringPageTests &#8212; failed</th></tr><tr class="failedeven"><td rowspan="2">com.swedbank.factoring.automation.testcases.Test_FactoringCalculator</td><td><a href="#m0">invoiceAmountEmptyValidation</a></td><td rowspan="1">1668037231767</td><td rowspan="1">332</td></tr><tr class="failedeven"><td><a href="#m1">sectionDefaultValidations</a></td><td rowspan="1">1668037223690</td><td rowspan="1">32174</td></tr><tr><th colspan="4">FactoringPageTests &#8212; passed</th></tr><tr class="passedeven"><td rowspan="13">com.swedbank.factoring.automation.testcases.Test_FactoringCalculator</td><td><a href="#m2">advanceRateValidation</a></td><td rowspan="1">1668037242742</td><td rowspan="1">1096</td></tr><tr class="passedeven"><td><a href="#m3">applyButtonValidation</a></td><td rowspan="1">1668037262203</td><td rowspan="1">1684</td></tr><tr class="passedeven"><td><a href="#m4">commissionFeesAlphaNumericValidation</a></td><td rowspan="1">1668037259894</td><td rowspan="1">1367</td></tr><tr class="passedeven"><td><a href="#m5">docAndFeesInvoiceListValidation</a></td><td rowspan="1">1668037268618</td><td rowspan="1">4405</td></tr><tr class="passedeven"><td><a href="#m6">docAndFeesTabGeneralConditionsValidation</a></td><td rowspan="1">1668037263669</td><td rowspan="1">2926</td></tr><tr class="passedeven"><td><a href="#m7">docAndfeesClaimDocValidation</a></td><td rowspan="1">1668037269848</td><td rowspan="1">4356</td></tr><tr class="passedeven"><td><a href="#m8">howToApplyTabValidation</a></td><td rowspan="1">1668037265771</td><td rowspan="1">1903</td></tr><tr class="passedeven"><td><a href="#m9">interestRateAboveLimitsValidation</a></td><td rowspan="1">1668037254968</td><td rowspan="1">1104</td></tr><tr class="passedeven"><td><a href="#m10">interestRateAlphaNumericValidation</a></td><td rowspan="1">1668037244447</td><td rowspan="1">298</td></tr><tr class="passedeven"><td><a href="#m11">interestRateEmptyValidation</a></td><td rowspan="1">1668037255244</td><td rowspan="1">2564</td></tr><tr class="passedeven"><td><a href="#m12">invoiceAmountAplhaNumericValidation</a></td><td rowspan="1">1668037228844</td><td rowspan="1">1614</td></tr><tr class="passedeven"><td><a href="#m13">invoiceAmountZeroValidation</a></td><td rowspan="1">1668037240282</td><td rowspan="1">334</td></tr><tr class="passedeven"><td><a href="#m14">paymentTermValidation</a></td><td rowspan="1">1668037260268</td><td rowspan="1">1990</td></tr><tr class="passedodd"><td rowspan="4">com.swedbank.factoring.automation.testcases.Test_LandingPage</td><td><a href="#m15">becomeACustomer</a></td><td rowspan="1">1668037223750</td><td rowspan="1">35154</td></tr><tr class="passedodd"><td><a href="#m16">landingPage</a></td><td rowspan="1">1668037227650</td><td rowspan="1">986</td></tr><tr class="passedodd"><td><a href="#m17">langOnLandingPage</a></td><td rowspan="1">1668037231419</td><td rowspan="1">10460</td></tr><tr class="passedodd"><td><a href="#m18">navigatingTabs</a></td><td rowspan="1">1668037224426</td><td rowspan="1">35396</td></tr><tr class="passedeven"><td rowspan="3">com.swedbank.factoring.automation.testcases.Test_LoginPage</td><td><a href="#m19">usingApplyButton</a></td><td rowspan="1">1668037232583</td><td rowspan="1">14672</td></tr><tr class="passedeven"><td><a href="#m20">usingLoginButton</a></td><td rowspan="1">1668037231550</td><td rowspan="1">13888</td></tr><tr class="passedeven"><td><a href="#m21">usingSwedBanklogo</a></td><td rowspan="1">1668037231204</td><td rowspan="1">9734</td></tr></tbody>
</table>
<h2>FactoringPageTests</h2><h3 id="m0">com.swedbank.factoring.automation.testcases.Test_FactoringCalculator#invoiceAmountEmptyValidation</h3><table class="result"><tr><th>Exception</th></tr><tr><td><div class="stacktrace">org.openqa.selenium.interactions.MoveTargetOutOfBoundsException: move target out of bounds
  (Session info: chrome=107.0.5304.87)
Build info: version: &apos;4.4.0&apos;, revision: &apos;e5c75ed026a&apos;
System info: host: &apos;GE00371M.lan&apos;, ip: &apos;2001:7d0:82c0:ef00:5c8f:3943:fecb:df8%en0&apos;, os.name: &apos;Mac OS X&apos;, os.arch: &apos;x86_64&apos;, os.version: &apos;11.6.8&apos;, java.version: &apos;1.8.0_341&apos;
Driver info: org.openqa.selenium.chrome.ChromeDriver
Command: [1dfb7a5e6dd5e1784940444a175ad6b0, actions {actions=[org.openqa.selenium.interactions.Sequence@30163394]}]
Capabilities {acceptInsecureCerts: false, browserName: chrome, browserVersion: 107.0.5304.87, chrome: {chromedriverVersion: 107.0.5304.62 (1eec40d3a576..., userDataDir: /var/folders/0m/fvmjrzt11z5...}, goog:chromeOptions: {debuggerAddress: localhost:55127}, networkConnectionEnabled: false, pageLoadStrategy: normal, platformName: MAC, proxy: Proxy(), se:cdp: ws://localhost:55127/devtoo..., se:cdpVersion: 107.0.5304.87, setWindowRect: true, strictFileInteractability: false, timeouts: {implicit: 0, pageLoad: 300000, script: 30000}, unhandledPromptBehavior: dismiss and notify, webauthn:extension:credBlob: true, webauthn:extension:largeBlob: true, webauthn:virtualAuthenticators: true}
Session ID: 1dfb7a5e6dd5e1784940444a175ad6b0
	at org.openqa.selenium.remote.codec.w3c.W3CHttpResponseCodec.createException(W3CHttpResponseCodec.java:200)
	at org.openqa.selenium.remote.codec.w3c.W3CHttpResponseCodec.decode(W3CHttpResponseCodec.java:133)
	at org.openqa.selenium.remote.codec.w3c.W3CHttpResponseCodec.decode(W3CHttpResponseCodec.java:53)
	at org.openqa.selenium.remote.HttpCommandExecutor.execute(HttpCommandExecutor.java:184)
	at org.openqa.selenium.remote.service.DriverCommandExecutor.invokeExecute(DriverCommandExecutor.java:167)
	at org.openqa.selenium.remote.service.DriverCommandExecutor.execute(DriverCommandExecutor.java:142)
	at org.openqa.selenium.remote.RemoteWebDriver.execute(RemoteWebDriver.java:547)
	at org.openqa.selenium.remote.RemoteWebDriver.perform(RemoteWebDriver.java:615)
	at org.openqa.selenium.interactions.Actions$BuiltAction.perform(Actions.java:567)
	at org.openqa.selenium.interactions.Actions.perform(Actions.java:536)
	at com.swedbank.factoring.automation.pages.FactoringCalculatorPage.invoiceAmountEmptyValidation(FactoringCalculatorPage.java:150)
	at com.swedbank.factoring.automation.testcases.Test_FactoringCalculator.invoiceAmountEmptyValidation(Test_FactoringCalculator.java:45)
	at java.util.concurrent.ThreadPoolExecutor.runWorker(ThreadPoolExecutor.java:1149)
	at java.util.concurrent.ThreadPoolExecutor$Worker.run(ThreadPoolExecutor.java:624)
	at java.lang.Thread.run(Thread.java:750)
... Removed 16 stack frames</div></td></tr></table><p class="totop"><a href="#summary">back to summary</a></p>
<h3 id="m1">com.swedbank.factoring.automation.testcases.Test_FactoringCalculator#sectionDefaultValidations</h3><table class="result"><tr><th>Exception</th></tr><tr><td><div class="stacktrace">org.openqa.selenium.NoSuchElementException: no such element: Unable to locate element: {&quot;method&quot;:&quot;xpath&quot;,&quot;selector&quot;:&quot;//select[@id=&apos;D6&apos;]&quot;}
  (Session info: chrome=107.0.5304.87)
For documentation on this error, please visit: https://selenium.dev/exceptions/#no_such_element
Build info: version: &apos;4.4.0&apos;, revision: &apos;e5c75ed026a&apos;
System info: host: &apos;GE00371M.lan&apos;, ip: &apos;2001:7d0:82c0:ef00:5c8f:3943:fecb:df8%en0&apos;, os.name: &apos;Mac OS X&apos;, os.arch: &apos;x86_64&apos;, os.version: &apos;11.6.8&apos;, java.version: &apos;1.8.0_341&apos;
Driver info: org.openqa.selenium.chrome.ChromeDriver
Command: [8fb4a5d1d358d47da4f520b606a85756, findElement {using=xpath, value=//select[@id=&apos;D6&apos;]}]
Capabilities {acceptInsecureCerts: false, browserName: chrome, browserVersion: 107.0.5304.87, chrome: {chromedriverVersion: 107.0.5304.62 (1eec40d3a576..., userDataDir: /var/folders/0m/fvmjrzt11z5...}, goog:chromeOptions: {debuggerAddress: localhost:55125}, networkConnectionEnabled: false, pageLoadStrategy: normal, platformName: MAC, proxy: Proxy(), se:cdp: ws://localhost:55125/devtoo..., se:cdpVersion: 107.0.5304.87, setWindowRect: true, strictFileInteractability: false, timeouts: {implicit: 0, pageLoad: 300000, script: 30000}, unhandledPromptBehavior: dismiss and notify, webauthn:extension:credBlob: true, webauthn:extension:largeBlob: true, webauthn:virtualAuthenticators: true}
Session ID: 8fb4a5d1d358d47da4f520b606a85756
	at org.openqa.selenium.remote.codec.w3c.W3CHttpResponseCodec.createException(W3CHttpResponseCodec.java:200)
	at org.openqa.selenium.remote.codec.w3c.W3CHttpResponseCodec.decode(W3CHttpResponseCodec.java:133)
	at org.openqa.selenium.remote.codec.w3c.W3CHttpResponseCodec.decode(W3CHttpResponseCodec.java:53)
	at org.openqa.selenium.remote.HttpCommandExecutor.execute(HttpCommandExecutor.java:184)
	at org.openqa.selenium.remote.service.DriverCommandExecutor.invokeExecute(DriverCommandExecutor.java:167)
	at org.openqa.selenium.remote.service.DriverCommandExecutor.execute(DriverCommandExecutor.java:142)
	at org.openqa.selenium.remote.RemoteWebDriver.execute(RemoteWebDriver.java:547)
	at org.openqa.selenium.remote.ElementLocation$ElementFinder$2.findElement(ElementLocation.java:162)
	at org.openqa.selenium.remote.ElementLocation.findElement(ElementLocation.java:60)
	at org.openqa.selenium.remote.RemoteWebDriver.findElement(RemoteWebDriver.java:365)
	at org.openqa.selenium.remote.RemoteWebDriver.findElement(RemoteWebDriver.java:357)
	at org.openqa.selenium.support.pagefactory.DefaultElementLocator.findElement(DefaultElementLocator.java:70)
	at org.openqa.selenium.support.pagefactory.internal.LocatingElementHandler.invoke(LocatingElementHandler.java:39)
	at com.sun.proxy.$Proxy13.findElements(Unknown Source)
	at org.openqa.selenium.support.ui.Select.getOptions(Select.java:79)
	at org.openqa.selenium.support.ui.Select.getFirstSelectedOption(Select.java:97)
	at com.swedbank.factoring.automation.pages.FactoringCalculatorPage.getDefaultAdvanceRate(FactoringCalculatorPage.java:73)
	at com.swedbank.factoring.automation.testcases.Test_FactoringCalculator.sectionDefaultValidations(Test_FactoringCalculator.java:20)
	at java.util.concurrent.ThreadPoolExecutor.runWorker(ThreadPoolExecutor.java:1149)
	at java.util.concurrent.ThreadPoolExecutor$Worker.run(ThreadPoolExecutor.java:624)
	at java.lang.Thread.run(Thread.java:750)
... Removed 16 stack frames</div></td></tr></table><p class="totop"><a href="#summary">back to summary</a></p>
<h3 id="m2">com.swedbank.factoring.automation.testcases.Test_FactoringCalculator#advanceRateValidation</h3><table class="result"><tr><th class="invisible"/></tr></table><p class="totop"><a href="#summary">back to summary</a></p>
<h3 id="m3">com.swedbank.factoring.automation.testcases.Test_FactoringCalculator#applyButtonValidation</h3><table class="result"><tr><th class="invisible"/></tr></table><p class="totop"><a href="#summary">back to summary</a></p>
<h3 id="m4">com.swedbank.factoring.automation.testcases.Test_FactoringCalculator#commissionFeesAlphaNumericValidation</h3><table class="result"><tr><th class="invisible"/></tr></table><p class="totop"><a href="#summary">back to summary</a></p>
<h3 id="m5">com.swedbank.factoring.automation.testcases.Test_FactoringCalculator#docAndFeesInvoiceListValidation</h3><table class="result"><tr><th class="invisible"/></tr></table><p class="totop"><a href="#summary">back to summary</a></p>
<h3 id="m6">com.swedbank.factoring.automation.testcases.Test_FactoringCalculator#docAndFeesTabGeneralConditionsValidation</h3><table class="result"><tr><th class="invisible"/></tr></table><p class="totop"><a href="#summary">back to summary</a></p>
<h3 id="m7">com.swedbank.factoring.automation.testcases.Test_FactoringCalculator#docAndfeesClaimDocValidation</h3><table class="result"><tr><th class="invisible"/></tr></table><p class="totop"><a href="#summary">back to summary</a></p>
<h3 id="m8">com.swedbank.factoring.automation.testcases.Test_FactoringCalculator#howToApplyTabValidation</h3><table class="result"><tr><th class="invisible"/></tr></table><p class="totop"><a href="#summary">back to summary</a></p>
<h3 id="m9">com.swedbank.factoring.automation.testcases.Test_FactoringCalculator#interestRateAboveLimitsValidation</h3><table class="result"><tr><th class="invisible"/></tr></table><p class="totop"><a href="#summary">back to summary</a></p>
<h3 id="m10">com.swedbank.factoring.automation.testcases.Test_FactoringCalculator#interestRateAlphaNumericValidation</h3><table class="result"><tr><th class="invisible"/></tr></table><p class="totop"><a href="#summary">back to summary</a></p>
<h3 id="m11">com.swedbank.factoring.automation.testcases.Test_FactoringCalculator#interestRateEmptyValidation</h3><table class="result"><tr><th class="invisible"/></tr></table><p class="totop"><a href="#summary">back to summary</a></p>
<h3 id="m12">com.swedbank.factoring.automation.testcases.Test_FactoringCalculator#invoiceAmountAplhaNumericValidation</h3><table class="result"><tr><th class="invisible"/></tr></table><p class="totop"><a href="#summary">back to summary</a></p>
<h3 id="m13">com.swedbank.factoring.automation.testcases.Test_FactoringCalculator#invoiceAmountZeroValidation</h3><table class="result"><tr><th class="invisible"/></tr></table><p class="totop"><a href="#summary">back to summary</a></p>
<h3 id="m14">com.swedbank.factoring.automation.testcases.Test_FactoringCalculator#paymentTermValidation</h3><table class="result"><tr><th class="invisible"/></tr></table><p class="totop"><a href="#summary">back to summary</a></p>
<h3 id="m15">com.swedbank.factoring.automation.testcases.Test_LandingPage#becomeACustomer</h3><table class="result"><tr><th class="invisible"/></tr></table><p class="totop"><a href="#summary">back to summary</a></p>
<h3 id="m16">com.swedbank.factoring.automation.testcases.Test_LandingPage#landingPage</h3><table class="result"><tr><th class="invisible"/></tr></table><p class="totop"><a href="#summary">back to summary</a></p>
<h3 id="m17">com.swedbank.factoring.automation.testcases.Test_LandingPage#langOnLandingPage</h3><table class="result"><tr><th class="invisible"/></tr></table><p class="totop"><a href="#summary">back to summary</a></p>
<h3 id="m18">com.swedbank.factoring.automation.testcases.Test_LandingPage#navigatingTabs</h3><table class="result"><tr><th class="invisible"/></tr></table><p class="totop"><a href="#summary">back to summary</a></p>
<h3 id="m19">com.swedbank.factoring.automation.testcases.Test_LoginPage#usingApplyButton</h3><table class="result"><tr><th class="invisible"/></tr></table><p class="totop"><a href="#summary">back to summary</a></p>
<h3 id="m20">com.swedbank.factoring.automation.testcases.Test_LoginPage#usingLoginButton</h3><table class="result"><tr><th class="invisible"/></tr></table><p class="totop"><a href="#summary">back to summary</a></p>
<h3 id="m21">com.swedbank.factoring.automation.testcases.Test_LoginPage#usingSwedBanklogo</h3><table class="result"><tr><th class="invisible"/></tr></table><p class="totop"><a href="#summary">back to summary</a></p>
</body>
</html>
