<!DOCTYPE html>

<html>
  <head>
  <meta charset='utf-8'>
  <title>TestNG reports</title>

    <link type="text/css" href="testng-reports1.css" rel="stylesheet" id="ultra" />
    <link type="text/css" href="testng-reports.css" rel="stylesheet" id="retro" disabled="false"/>
    <script type="text/javascript" src="jquery.min.js"></script>
    <script type="text/javascript" src="testng-reports.js"></script>
    <script type="text/javascript" src="https://www.google.com/jsapi"></script>
    <script type='text/javascript'>
      google.load('visualization', '1', {packages:['table']});
      google.setOnLoadCallback(drawTable);
      var suiteTableInitFunctions = new Array();
      var suiteTableData = new Array();
    </script>
    <!--
      <script type="text/javascript" src="jquery-ui/js/jquery-ui-1.8.16.custom.min.js"></script>
     -->
  </head>

  <body>
    <div class="top-banner-root">
      <span class="top-banner-title-font">Test results</span>
      <button class="button" id="button">Switch Retro Theme</button> <!-- button -->
      <br/>
      <span class="top-banner-font-1">1 suite, 2 failed tests</span>
    </div> <!-- top-banner-root -->
    <div class="navigator-root">
      <div class="navigator-suite-header">
        <span>All suites</span>
        <a href="#" class="collapse-all-link" title="Collapse/expand all the suites">
          <img class="collapse-all-icon" src="collapseall.gif">
          </img> <!-- collapse-all-icon -->
        </a> <!-- collapse-all-link -->
      </div> <!-- navigator-suite-header -->
      <div class="suite">
        <div class="rounded-window">
          <div class="suite-header light-rounded-window-top">
            <a href="#" class="navigator-link" panel-name="suite-FactoringTestSuite">
              <span class="suite-name border-failed">FactoringTestSuite</span>
            </a> <!-- navigator-link -->
          </div> <!-- suite-header light-rounded-window-top -->
          <div class="navigator-suite-content">
            <div class="suite-section-title">
              <span>Info</span>
            </div> <!-- suite-section-title -->
            <div class="suite-section-content">
              <ul>
                <li>
                  <a href="#" class="navigator-link " panel-name="test-xml-FactoringTestSuite">
                    <span>factoring_testng_suite.xml</span>
                  </a> <!-- navigator-link  -->
                </li>
                <li>
                  <a href="#" class="navigator-link " panel-name="testlist-FactoringTestSuite">
                    <span class="test-stats">1 test</span>
                  </a> <!-- navigator-link  -->
                </li>
                <li>
                  <a href="#" class="navigator-link " panel-name="group-FactoringTestSuite">
                    <span>0 groups</span>
                  </a> <!-- navigator-link  -->
                </li>
                <li>
                  <a href="#" class="navigator-link " panel-name="times-FactoringTestSuite">
                    <span>Times</span>
                  </a> <!-- navigator-link  -->
                </li>
                <li>
                  <a href="#" class="navigator-link " panel-name="reporter-FactoringTestSuite">
                    <span>Reporter output</span>
                  </a> <!-- navigator-link  -->
                </li>
                <li>
                  <a href="#" class="navigator-link " panel-name="ignored-methods-FactoringTestSuite">
                    <span>Ignored methods</span>
                  </a> <!-- navigator-link  -->
                </li>
                <li>
                  <a href="#" class="navigator-link " panel-name="chronological-FactoringTestSuite">
                    <span>Chronological view</span>
                  </a> <!-- navigator-link  -->
                </li>
              </ul>
            </div> <!-- suite-section-content -->
            <div class="result-section">
              <div class="suite-section-title">
                <span>Results</span>
              </div> <!-- suite-section-title -->
              <div class="suite-section-content">
                <ul>
                  <li>
                    <span class="method-stats">22 methods, 2 failed,   20 passed</span>
                  </li>
                  <li>
                    <span class="method-list-title failed">Failed methods</span>
                    <span class="show-or-hide-methods failed">
                      <a href="#" panel-name="suite-FactoringTestSuite" class="hide-methods failed suite-FactoringTestSuite"> (hide)</a> <!-- hide-methods failed suite-FactoringTestSuite -->
                      <a href="#" panel-name="suite-FactoringTestSuite" class="show-methods failed suite-FactoringTestSuite"> (show)</a> <!-- show-methods failed suite-FactoringTestSuite -->
                    </span>
                    <div class="method-list-content failed suite-FactoringTestSuite">
                      <span>
                        <img width="3%" src="failed.png"/>
                        <a href="#" class="method navigator-link" panel-name="suite-FactoringTestSuite" title="com.swedbank.factoring.automation.testcases.Test_FactoringCalculator" hash-for-method="invoiceAmountEmptyValidation">invoiceAmountEmptyValidation</a> <!-- method navigator-link -->
                      </span>
                      <br/>
                      <span>
                        <img width="3%" src="failed.png"/>
                        <a href="#" class="method navigator-link" panel-name="suite-FactoringTestSuite" title="com.swedbank.factoring.automation.testcases.Test_FactoringCalculator" hash-for-method="sectionDefaultValidations">sectionDefaultValidations</a> <!-- method navigator-link -->
                      </span>
                      <br/>
                    </div> <!-- method-list-content failed suite-FactoringTestSuite -->
                  </li>
                  <li>
                    <span class="method-list-title passed">Passed methods</span>
                    <span class="show-or-hide-methods passed">
                      <a href="#" panel-name="suite-FactoringTestSuite" class="hide-methods passed suite-FactoringTestSuite"> (hide)</a> <!-- hide-methods passed suite-FactoringTestSuite -->
                      <a href="#" panel-name="suite-FactoringTestSuite" class="show-methods passed suite-FactoringTestSuite"> (show)</a> <!-- show-methods passed suite-FactoringTestSuite -->
                    </span>
                    <div class="method-list-content passed suite-FactoringTestSuite">
                      <span>
                        <img width="3%" src="passed.png"/>
                        <a href="#" class="method navigator-link" panel-name="suite-FactoringTestSuite" title="com.swedbank.factoring.automation.testcases.Test_FactoringCalculator" hash-for-method="advanceRateValidation">advanceRateValidation</a> <!-- method navigator-link -->
                      </span>
                      <br/>
                      <span>
                        <img width="3%" src="passed.png"/>
                        <a href="#" class="method navigator-link" panel-name="suite-FactoringTestSuite" title="com.swedbank.factoring.automation.testcases.Test_FactoringCalculator" hash-for-method="applyButtonValidation">applyButtonValidation</a> <!-- method navigator-link -->
                      </span>
                      <br/>
                      <span>
                        <img width="3%" src="passed.png"/>
                        <a href="#" class="method navigator-link" panel-name="suite-FactoringTestSuite" title="com.swedbank.factoring.automation.testcases.Test_LandingPage" hash-for-method="becomeACustomer">becomeACustomer</a> <!-- method navigator-link -->
                      </span>
                      <br/>
                      <span>
                        <img width="3%" src="passed.png"/>
                        <a href="#" class="method navigator-link" panel-name="suite-FactoringTestSuite" title="com.swedbank.factoring.automation.testcases.Test_FactoringCalculator" hash-for-method="commissionFeesAlphaNumericValidation">commissionFeesAlphaNumericValidation</a> <!-- method navigator-link -->
                      </span>
                      <br/>
                      <span>
                        <img width="3%" src="passed.png"/>
                        <a href="#" class="method navigator-link" panel-name="suite-FactoringTestSuite" title="com.swedbank.factoring.automation.testcases.Test_FactoringCalculator" hash-for-method="docAndFeesInvoiceListValidation">docAndFeesInvoiceListValidation</a> <!-- method navigator-link -->
                      </span>
                      <br/>
                      <span>
                        <img width="3%" src="passed.png"/>
                        <a href="#" class="method navigator-link" panel-name="suite-FactoringTestSuite" title="com.swedbank.factoring.automation.testcases.Test_FactoringCalculator" hash-for-method="docAndFeesTabGeneralConditionsValidation">docAndFeesTabGeneralConditionsValidation</a> <!-- method navigator-link -->
                      </span>
                      <br/>
                      <span>
                        <img width="3%" src="passed.png"/>
                        <a href="#" class="method navigator-link" panel-name="suite-FactoringTestSuite" title="com.swedbank.factoring.automation.testcases.Test_FactoringCalculator" hash-for-method="docAndfeesClaimDocValidation">docAndfeesClaimDocValidation</a> <!-- method navigator-link -->
                      </span>
                      <br/>
                      <span>
                        <img width="3%" src="passed.png"/>
                        <a href="#" class="method navigator-link" panel-name="suite-FactoringTestSuite" title="com.swedbank.factoring.automation.testcases.Test_FactoringCalculator" hash-for-method="howToApplyTabValidation">howToApplyTabValidation</a> <!-- method navigator-link -->
                      </span>
                      <br/>
                      <span>
                        <img width="3%" src="passed.png"/>
                        <a href="#" class="method navigator-link" panel-name="suite-FactoringTestSuite" title="com.swedbank.factoring.automation.testcases.Test_FactoringCalculator" hash-for-method="interestRateAboveLimitsValidation">interestRateAboveLimitsValidation</a> <!-- method navigator-link -->
                      </span>
                      <br/>
                      <span>
                        <img width="3%" src="passed.png"/>
                        <a href="#" class="method navigator-link" panel-name="suite-FactoringTestSuite" title="com.swedbank.factoring.automation.testcases.Test_FactoringCalculator" hash-for-method="interestRateAlphaNumericValidation">interestRateAlphaNumericValidation</a> <!-- method navigator-link -->
                      </span>
                      <br/>
                      <span>
                        <img width="3%" src="passed.png"/>
                        <a href="#" class="method navigator-link" panel-name="suite-FactoringTestSuite" title="com.swedbank.factoring.automation.testcases.Test_FactoringCalculator" hash-for-method="interestRateEmptyValidation">interestRateEmptyValidation</a> <!-- method navigator-link -->
                      </span>
                      <br/>
                      <span>
                        <img width="3%" src="passed.png"/>
                        <a href="#" class="method navigator-link" panel-name="suite-FactoringTestSuite" title="com.swedbank.factoring.automation.testcases.Test_FactoringCalculator" hash-for-method="invoiceAmountAplhaNumericValidation">invoiceAmountAplhaNumericValidation</a> <!-- method navigator-link -->
                      </span>
                      <br/>
                      <span>
                        <img width="3%" src="passed.png"/>
                        <a href="#" class="method navigator-link" panel-name="suite-FactoringTestSuite" title="com.swedbank.factoring.automation.testcases.Test_FactoringCalculator" hash-for-method="invoiceAmountZeroValidation">invoiceAmountZeroValidation</a> <!-- method navigator-link -->
                      </span>
                      <br/>
                      <span>
                        <img width="3%" src="passed.png"/>
                        <a href="#" class="method navigator-link" panel-name="suite-FactoringTestSuite" title="com.swedbank.factoring.automation.testcases.Test_LandingPage" hash-for-method="landingPage">landingPage</a> <!-- method navigator-link -->
                      </span>
                      <br/>
                      <span>
                        <img width="3%" src="passed.png"/>
                        <a href="#" class="method navigator-link" panel-name="suite-FactoringTestSuite" title="com.swedbank.factoring.automation.testcases.Test_LandingPage" hash-for-method="langOnLandingPage">langOnLandingPage</a> <!-- method navigator-link -->
                      </span>
                      <br/>
                      <span>
                        <img width="3%" src="passed.png"/>
                        <a href="#" class="method navigator-link" panel-name="suite-FactoringTestSuite" title="com.swedbank.factoring.automation.testcases.Test_LandingPage" hash-for-method="navigatingTabs">navigatingTabs</a> <!-- method navigator-link -->
                      </span>
                      <br/>
                      <span>
                        <img width="3%" src="passed.png"/>
                        <a href="#" class="method navigator-link" panel-name="suite-FactoringTestSuite" title="com.swedbank.factoring.automation.testcases.Test_FactoringCalculator" hash-for-method="paymentTermValidation">paymentTermValidation</a> <!-- method navigator-link -->
                      </span>
                      <br/>
                      <span>
                        <img width="3%" src="passed.png"/>
                        <a href="#" class="method navigator-link" panel-name="suite-FactoringTestSuite" title="com.swedbank.factoring.automation.testcases.Test_LoginPage" hash-for-method="usingApplyButton">usingApplyButton</a> <!-- method navigator-link -->
                      </span>
                      <br/>
                      <span>
                        <img width="3%" src="passed.png"/>
                        <a href="#" class="method navigator-link" panel-name="suite-FactoringTestSuite" title="com.swedbank.factoring.automation.testcases.Test_LoginPage" hash-for-method="usingLoginButton">usingLoginButton</a> <!-- method navigator-link -->
                      </span>
                      <br/>
                      <span>
                        <img width="3%" src="passed.png"/>
                        <a href="#" class="method navigator-link" panel-name="suite-FactoringTestSuite" title="com.swedbank.factoring.automation.testcases.Test_LoginPage" hash-for-method="usingSwedBanklogo">usingSwedBanklogo</a> <!-- method navigator-link -->
                      </span>
                      <br/>
                    </div> <!-- method-list-content passed suite-FactoringTestSuite -->
                  </li>
                </ul>
              </div> <!-- suite-section-content -->
            </div> <!-- result-section -->
          </div> <!-- navigator-suite-content -->
        </div> <!-- rounded-window -->
      </div> <!-- suite -->
    </div> <!-- navigator-root -->
    <div class="wrapper">
      <div class="main-panel-root">
        <div panel-name="suite-FactoringTestSuite" class="panel FactoringTestSuite">
          <div class="suite-FactoringTestSuite-class-failed">
            <div class="main-panel-header rounded-window-top">
              <img src="failed.png"/>
              <span class="class-name">com.swedbank.factoring.automation.testcases.Test_FactoringCalculator</span>
            </div> <!-- main-panel-header rounded-window-top -->
            <div class="main-panel-content rounded-window-bottom">
              <div class="method">
                <div class="method-content">
                  <a name="invoiceAmountEmptyValidation">
                  </a> <!-- invoiceAmountEmptyValidation -->
                  <span class="method-name">invoiceAmountEmptyValidation</span>
                  <div class="stack-trace">org.openqa.selenium.interactions.MoveTargetOutOfBoundsException: move target out of bounds
  (Session info: chrome=107.0.5304.87)
Build info: version: &apos;4.4.0&apos;, revision: &apos;e5c75ed026a&apos;
System info: host: &apos;GE00371M.lan&apos;, ip: &apos;2001:7d0:82c0:ef00:5c8f:3943:fecb:df8%en0&apos;, os.name: &apos;Mac OS X&apos;, os.arch: &apos;x86_64&apos;, os.version: &apos;11.6.8&apos;, java.version: &apos;1.8.0_341&apos;
Driver info: org.openqa.selenium.chrome.ChromeDriver
Command: [1dfb7a5e6dd5e1784940444a175ad6b0, actions {actions=[org.openqa.selenium.interactions.Sequence@30163394]}]
Capabilities {acceptInsecureCerts: false, browserName: chrome, browserVersion: 107.0.5304.87, chrome: {chromedriverVersion: 107.0.5304.62 (1eec40d3a576..., userDataDir: /var/folders/0m/fvmjrzt11z5...}, goog:chromeOptions: {debuggerAddress: localhost:55127}, networkConnectionEnabled: false, pageLoadStrategy: normal, platformName: MAC, proxy: Proxy(), se:cdp: ws://localhost:55127/devtoo..., se:cdpVersion: 107.0.5304.87, setWindowRect: true, strictFileInteractability: false, timeouts: {implicit: 0, pageLoad: 300000, script: 30000}, unhandledPromptBehavior: dismiss and notify, webauthn:extension:credBlob: true, webauthn:extension:largeBlob: true, webauthn:virtualAuthenticators: true}
Session ID: 1dfb7a5e6dd5e1784940444a175ad6b0
	at org.openqa.selenium.remote.codec.w3c.W3CHttpResponseCodec.createException(W3CHttpResponseCodec.java:200)
	at org.openqa.selenium.remote.codec.w3c.W3CHttpResponseCodec.decode(W3CHttpResponseCodec.java:133)
	at org.openqa.selenium.remote.codec.w3c.W3CHttpResponseCodec.decode(W3CHttpResponseCodec.java:53)
	at org.openqa.selenium.remote.HttpCommandExecutor.execute(HttpCommandExecutor.java:184)
	at org.openqa.selenium.remote.service.DriverCommandExecutor.invokeExecute(DriverCommandExecutor.java:167)
	at org.openqa.selenium.remote.service.DriverCommandExecutor.execute(DriverCommandExecutor.java:142)
	at org.openqa.selenium.remote.RemoteWebDriver.execute(RemoteWebDriver.java:547)
	at org.openqa.selenium.remote.RemoteWebDriver.perform(RemoteWebDriver.java:615)
	at org.openqa.selenium.interactions.Actions$BuiltAction.perform(Actions.java:567)
	at org.openqa.selenium.interactions.Actions.perform(Actions.java:536)
	at com.swedbank.factoring.automation.pages.FactoringCalculatorPage.invoiceAmountEmptyValidation(FactoringCalculatorPage.java:150)
	at com.swedbank.factoring.automation.testcases.Test_FactoringCalculator.invoiceAmountEmptyValidation(Test_FactoringCalculator.java:45)
	at java.util.concurrent.ThreadPoolExecutor.runWorker(ThreadPoolExecutor.java:1149)
	at java.util.concurrent.ThreadPoolExecutor$Worker.run(ThreadPoolExecutor.java:624)
	at java.lang.Thread.run(Thread.java:750)
... Removed 16 stack frames
</div> <!-- stack-trace -->
                </div> <!-- method-content -->
              </div> <!-- method -->
              <div class="method">
                <div class="method-content">
                  <a name="sectionDefaultValidations">
                  </a> <!-- sectionDefaultValidations -->
                  <span class="method-name">sectionDefaultValidations</span>
                  <div class="stack-trace">org.openqa.selenium.NoSuchElementException: no such element: Unable to locate element: {&quot;method&quot;:&quot;xpath&quot;,&quot;selector&quot;:&quot;//select[@id=&apos;D6&apos;]&quot;}
  (Session info: chrome=107.0.5304.87)
For documentation on this error, please visit: https://selenium.dev/exceptions/#no_such_element
Build info: version: &apos;4.4.0&apos;, revision: &apos;e5c75ed026a&apos;
System info: host: &apos;GE00371M.lan&apos;, ip: &apos;2001:7d0:82c0:ef00:5c8f:3943:fecb:df8%en0&apos;, os.name: &apos;Mac OS X&apos;, os.arch: &apos;x86_64&apos;, os.version: &apos;11.6.8&apos;, java.version: &apos;1.8.0_341&apos;
Driver info: org.openqa.selenium.chrome.ChromeDriver
Command: [8fb4a5d1d358d47da4f520b606a85756, findElement {using=xpath, value=//select[@id=&apos;D6&apos;]}]
Capabilities {acceptInsecureCerts: false, browserName: chrome, browserVersion: 107.0.5304.87, chrome: {chromedriverVersion: 107.0.5304.62 (1eec40d3a576..., userDataDir: /var/folders/0m/fvmjrzt11z5...}, goog:chromeOptions: {debuggerAddress: localhost:55125}, networkConnectionEnabled: false, pageLoadStrategy: normal, platformName: MAC, proxy: Proxy(), se:cdp: ws://localhost:55125/devtoo..., se:cdpVersion: 107.0.5304.87, setWindowRect: true, strictFileInteractability: false, timeouts: {implicit: 0, pageLoad: 300000, script: 30000}, unhandledPromptBehavior: dismiss and notify, webauthn:extension:credBlob: true, webauthn:extension:largeBlob: true, webauthn:virtualAuthenticators: true}
Session ID: 8fb4a5d1d358d47da4f520b606a85756
	at org.openqa.selenium.remote.codec.w3c.W3CHttpResponseCodec.createException(W3CHttpResponseCodec.java:200)
	at org.openqa.selenium.remote.codec.w3c.W3CHttpResponseCodec.decode(W3CHttpResponseCodec.java:133)
	at org.openqa.selenium.remote.codec.w3c.W3CHttpResponseCodec.decode(W3CHttpResponseCodec.java:53)
	at org.openqa.selenium.remote.HttpCommandExecutor.execute(HttpCommandExecutor.java:184)
	at org.openqa.selenium.remote.service.DriverCommandExecutor.invokeExecute(DriverCommandExecutor.java:167)
	at org.openqa.selenium.remote.service.DriverCommandExecutor.execute(DriverCommandExecutor.java:142)
	at org.openqa.selenium.remote.RemoteWebDriver.execute(RemoteWebDriver.java:547)
	at org.openqa.selenium.remote.ElementLocation$ElementFinder$2.findElement(ElementLocation.java:162)
	at org.openqa.selenium.remote.ElementLocation.findElement(ElementLocation.java:60)
	at org.openqa.selenium.remote.RemoteWebDriver.findElement(RemoteWebDriver.java:365)
	at org.openqa.selenium.remote.RemoteWebDriver.findElement(RemoteWebDriver.java:357)
	at org.openqa.selenium.support.pagefactory.DefaultElementLocator.findElement(DefaultElementLocator.java:70)
	at org.openqa.selenium.support.pagefactory.internal.LocatingElementHandler.invoke(LocatingElementHandler.java:39)
	at com.sun.proxy.$Proxy13.findElements(Unknown Source)
	at org.openqa.selenium.support.ui.Select.getOptions(Select.java:79)
	at org.openqa.selenium.support.ui.Select.getFirstSelectedOption(Select.java:97)
	at com.swedbank.factoring.automation.pages.FactoringCalculatorPage.getDefaultAdvanceRate(FactoringCalculatorPage.java:73)
	at com.swedbank.factoring.automation.testcases.Test_FactoringCalculator.sectionDefaultValidations(Test_FactoringCalculator.java:20)
	at java.util.concurrent.ThreadPoolExecutor.runWorker(ThreadPoolExecutor.java:1149)
	at java.util.concurrent.ThreadPoolExecutor$Worker.run(ThreadPoolExecutor.java:624)
	at java.lang.Thread.run(Thread.java:750)
... Removed 16 stack frames
</div> <!-- stack-trace -->
                </div> <!-- method-content -->
              </div> <!-- method -->
            </div> <!-- main-panel-content rounded-window-bottom -->
          </div> <!-- suite-FactoringTestSuite-class-failed -->
          <div class="suite-FactoringTestSuite-class-passed">
            <div class="main-panel-header rounded-window-top">
              <img src="passed.png"/>
              <span class="class-name">com.swedbank.factoring.automation.testcases.Test_LandingPage</span>
            </div> <!-- main-panel-header rounded-window-top -->
            <div class="main-panel-content rounded-window-bottom">
              <div class="method">
                <div class="method-content">
                  <a name="becomeACustomer">
                  </a> <!-- becomeACustomer -->
                  <span class="method-name">becomeACustomer</span>
                </div> <!-- method-content -->
              </div> <!-- method -->
              <div class="method">
                <div class="method-content">
                  <a name="landingPage">
                  </a> <!-- landingPage -->
                  <span class="method-name">landingPage</span>
                </div> <!-- method-content -->
              </div> <!-- method -->
              <div class="method">
                <div class="method-content">
                  <a name="langOnLandingPage">
                  </a> <!-- langOnLandingPage -->
                  <span class="method-name">langOnLandingPage</span>
                </div> <!-- method-content -->
              </div> <!-- method -->
              <div class="method">
                <div class="method-content">
                  <a name="navigatingTabs">
                  </a> <!-- navigatingTabs -->
                  <span class="method-name">navigatingTabs</span>
                </div> <!-- method-content -->
              </div> <!-- method -->
            </div> <!-- main-panel-content rounded-window-bottom -->
          </div> <!-- suite-FactoringTestSuite-class-passed -->
          <div class="suite-FactoringTestSuite-class-passed">
            <div class="main-panel-header rounded-window-top">
              <img src="passed.png"/>
              <span class="class-name">com.swedbank.factoring.automation.testcases.Test_LoginPage</span>
            </div> <!-- main-panel-header rounded-window-top -->
            <div class="main-panel-content rounded-window-bottom">
              <div class="method">
                <div class="method-content">
                  <a name="usingApplyButton">
                  </a> <!-- usingApplyButton -->
                  <span class="method-name">usingApplyButton</span>
                </div> <!-- method-content -->
              </div> <!-- method -->
              <div class="method">
                <div class="method-content">
                  <a name="usingLoginButton">
                  </a> <!-- usingLoginButton -->
                  <span class="method-name">usingLoginButton</span>
                </div> <!-- method-content -->
              </div> <!-- method -->
              <div class="method">
                <div class="method-content">
                  <a name="usingSwedBanklogo">
                  </a> <!-- usingSwedBanklogo -->
                  <span class="method-name">usingSwedBanklogo</span>
                </div> <!-- method-content -->
              </div> <!-- method -->
            </div> <!-- main-panel-content rounded-window-bottom -->
          </div> <!-- suite-FactoringTestSuite-class-passed -->
          <div class="suite-FactoringTestSuite-class-passed">
            <div class="main-panel-header rounded-window-top">
              <img src="passed.png"/>
              <span class="class-name">com.swedbank.factoring.automation.testcases.Test_FactoringCalculator</span>
            </div> <!-- main-panel-header rounded-window-top -->
            <div class="main-panel-content rounded-window-bottom">
              <div class="method">
                <div class="method-content">
                  <a name="advanceRateValidation">
                  </a> <!-- advanceRateValidation -->
                  <span class="method-name">advanceRateValidation</span>
                </div> <!-- method-content -->
              </div> <!-- method -->
              <div class="method">
                <div class="method-content">
                  <a name="applyButtonValidation">
                  </a> <!-- applyButtonValidation -->
                  <span class="method-name">applyButtonValidation</span>
                </div> <!-- method-content -->
              </div> <!-- method -->
              <div class="method">
                <div class="method-content">
                  <a name="commissionFeesAlphaNumericValidation">
                  </a> <!-- commissionFeesAlphaNumericValidation -->
                  <span class="method-name">commissionFeesAlphaNumericValidation</span>
                </div> <!-- method-content -->
              </div> <!-- method -->
              <div class="method">
                <div class="method-content">
                  <a name="docAndFeesInvoiceListValidation">
                  </a> <!-- docAndFeesInvoiceListValidation -->
                  <span class="method-name">docAndFeesInvoiceListValidation</span>
                </div> <!-- method-content -->
              </div> <!-- method -->
              <div class="method">
                <div class="method-content">
                  <a name="docAndFeesTabGeneralConditionsValidation">
                  </a> <!-- docAndFeesTabGeneralConditionsValidation -->
                  <span class="method-name">docAndFeesTabGeneralConditionsValidation</span>
                </div> <!-- method-content -->
              </div> <!-- method -->
              <div class="method">
                <div class="method-content">
                  <a name="docAndfeesClaimDocValidation">
                  </a> <!-- docAndfeesClaimDocValidation -->
                  <span class="method-name">docAndfeesClaimDocValidation</span>
                </div> <!-- method-content -->
              </div> <!-- method -->
              <div class="method">
                <div class="method-content">
                  <a name="howToApplyTabValidation">
                  </a> <!-- howToApplyTabValidation -->
                  <span class="method-name">howToApplyTabValidation</span>
                </div> <!-- method-content -->
              </div> <!-- method -->
              <div class="method">
                <div class="method-content">
                  <a name="interestRateAboveLimitsValidation">
                  </a> <!-- interestRateAboveLimitsValidation -->
                  <span class="method-name">interestRateAboveLimitsValidation</span>
                </div> <!-- method-content -->
              </div> <!-- method -->
              <div class="method">
                <div class="method-content">
                  <a name="interestRateAlphaNumericValidation">
                  </a> <!-- interestRateAlphaNumericValidation -->
                  <span class="method-name">interestRateAlphaNumericValidation</span>
                </div> <!-- method-content -->
              </div> <!-- method -->
              <div class="method">
                <div class="method-content">
                  <a name="interestRateEmptyValidation">
                  </a> <!-- interestRateEmptyValidation -->
                  <span class="method-name">interestRateEmptyValidation</span>
                </div> <!-- method-content -->
              </div> <!-- method -->
              <div class="method">
                <div class="method-content">
                  <a name="invoiceAmountAplhaNumericValidation">
                  </a> <!-- invoiceAmountAplhaNumericValidation -->
                  <span class="method-name">invoiceAmountAplhaNumericValidation</span>
                </div> <!-- method-content -->
              </div> <!-- method -->
              <div class="method">
                <div class="method-content">
                  <a name="invoiceAmountZeroValidation">
                  </a> <!-- invoiceAmountZeroValidation -->
                  <span class="method-name">invoiceAmountZeroValidation</span>
                </div> <!-- method-content -->
              </div> <!-- method -->
              <div class="method">
                <div class="method-content">
                  <a name="paymentTermValidation">
                  </a> <!-- paymentTermValidation -->
                  <span class="method-name">paymentTermValidation</span>
                </div> <!-- method-content -->
              </div> <!-- method -->
            </div> <!-- main-panel-content rounded-window-bottom -->
          </div> <!-- suite-FactoringTestSuite-class-passed -->
        </div> <!-- panel FactoringTestSuite -->
        <div panel-name="test-xml-FactoringTestSuite" class="panel">
          <div class="main-panel-header rounded-window-top">
            <span class="header-content">/Users/shruti.panicker/eclipse-workspace/practice/swedbank/swedbank-test-automation/src/test/resources/factoring_testng_suite.xml</span>
          </div> <!-- main-panel-header rounded-window-top -->
          <div class="main-panel-content rounded-window-bottom">
            <pre>
&lt;?xml version=&quot;1.0&quot; encoding=&quot;UTF-8&quot;?&gt;
&lt;!DOCTYPE suite SYSTEM &quot;https://testng.org/testng-1.0.dtd&quot;&gt;
&lt;suite guice-stage=&quot;DEVELOPMENT&quot; verbose=&quot;0&quot; name=&quot;FactoringTestSuite&quot;&gt;
  &lt;test thread-count=&quot;10&quot; verbose=&quot;0&quot; name=&quot;FactoringPageTests&quot; parallel=&quot;methods&quot;&gt;
    &lt;classes&gt;
      &lt;class name=&quot;com.swedbank.factoring.automation.testcases.Test_LoginPage&quot;/&gt;
      &lt;class name=&quot;com.swedbank.factoring.automation.testcases.Test_LandingPage&quot;/&gt;
      &lt;class name=&quot;com.swedbank.factoring.automation.testcases.Test_FactoringCalculator&quot;/&gt;
    &lt;/classes&gt;
  &lt;/test&gt; &lt;!-- FactoringPageTests --&gt;
&lt;/suite&gt; &lt;!-- FactoringTestSuite --&gt;
            </pre>
          </div> <!-- main-panel-content rounded-window-bottom -->
        </div> <!-- panel -->
        <div panel-name="testlist-FactoringTestSuite" class="panel">
          <div class="main-panel-header rounded-window-top">
            <span class="header-content">Tests for FactoringTestSuite</span>
          </div> <!-- main-panel-header rounded-window-top -->
          <div class="main-panel-content rounded-window-bottom">
            <ul>
              <li>
                <span class="test-name">FactoringPageTests (3 classes)</span>
              </li>
            </ul>
          </div> <!-- main-panel-content rounded-window-bottom -->
        </div> <!-- panel -->
        <div panel-name="group-FactoringTestSuite" class="panel">
          <div class="main-panel-header rounded-window-top">
            <span class="header-content">Groups for FactoringTestSuite</span>
          </div> <!-- main-panel-header rounded-window-top -->
          <div class="main-panel-content rounded-window-bottom">
          </div> <!-- main-panel-content rounded-window-bottom -->
        </div> <!-- panel -->
        <div panel-name="times-FactoringTestSuite" class="panel">
          <div class="main-panel-header rounded-window-top">
            <span class="header-content">Times for FactoringTestSuite</span>
          </div> <!-- main-panel-header rounded-window-top -->
          <div class="main-panel-content rounded-window-bottom">
            <div class="times-div">
              <script type="text/javascript">
suiteTableInitFunctions.push('tableData_FactoringTestSuite');
function tableData_FactoringTestSuite() {
var data = new google.visualization.DataTable();
data.addColumn('number', 'Number');
data.addColumn('string', 'Method');
data.addColumn('string', 'Class');
data.addColumn('number', 'Time (ms)');
data.addRows(22);
data.setCell(0, 0, 0)
data.setCell(0, 1, 'navigatingTabs')
data.setCell(0, 2, 'com.swedbank.factoring.automation.testcases.Test_LandingPage')
data.setCell(0, 3, 35396);
data.setCell(1, 0, 1)
data.setCell(1, 1, 'becomeACustomer')
data.setCell(1, 2, 'com.swedbank.factoring.automation.testcases.Test_LandingPage')
data.setCell(1, 3, 35154);
data.setCell(2, 0, 2)
data.setCell(2, 1, 'sectionDefaultValidations')
data.setCell(2, 2, 'com.swedbank.factoring.automation.testcases.Test_FactoringCalculator')
data.setCell(2, 3, 32174);
data.setCell(3, 0, 3)
data.setCell(3, 1, 'usingApplyButton')
data.setCell(3, 2, 'com.swedbank.factoring.automation.testcases.Test_LoginPage')
data.setCell(3, 3, 14672);
data.setCell(4, 0, 4)
data.setCell(4, 1, 'usingLoginButton')
data.setCell(4, 2, 'com.swedbank.factoring.automation.testcases.Test_LoginPage')
data.setCell(4, 3, 13888);
data.setCell(5, 0, 5)
data.setCell(5, 1, 'langOnLandingPage')
data.setCell(5, 2, 'com.swedbank.factoring.automation.testcases.Test_LandingPage')
data.setCell(5, 3, 10460);
data.setCell(6, 0, 6)
data.setCell(6, 1, 'usingSwedBanklogo')
data.setCell(6, 2, 'com.swedbank.factoring.automation.testcases.Test_LoginPage')
data.setCell(6, 3, 9734);
data.setCell(7, 0, 7)
data.setCell(7, 1, 'docAndFeesInvoiceListValidation')
data.setCell(7, 2, 'com.swedbank.factoring.automation.testcases.Test_FactoringCalculator')
data.setCell(7, 3, 4405);
data.setCell(8, 0, 8)
data.setCell(8, 1, 'docAndfeesClaimDocValidation')
data.setCell(8, 2, 'com.swedbank.factoring.automation.testcases.Test_FactoringCalculator')
data.setCell(8, 3, 4356);
data.setCell(9, 0, 9)
data.setCell(9, 1, 'docAndFeesTabGeneralConditionsValidation')
data.setCell(9, 2, 'com.swedbank.factoring.automation.testcases.Test_FactoringCalculator')
data.setCell(9, 3, 2926);
data.setCell(10, 0, 10)
data.setCell(10, 1, 'interestRateEmptyValidation')
data.setCell(10, 2, 'com.swedbank.factoring.automation.testcases.Test_FactoringCalculator')
data.setCell(10, 3, 2564);
data.setCell(11, 0, 11)
data.setCell(11, 1, 'paymentTermValidation')
data.setCell(11, 2, 'com.swedbank.factoring.automation.testcases.Test_FactoringCalculator')
data.setCell(11, 3, 1990);
data.setCell(12, 0, 12)
data.setCell(12, 1, 'howToApplyTabValidation')
data.setCell(12, 2, 'com.swedbank.factoring.automation.testcases.Test_FactoringCalculator')
data.setCell(12, 3, 1903);
data.setCell(13, 0, 13)
data.setCell(13, 1, 'applyButtonValidation')
data.setCell(13, 2, 'com.swedbank.factoring.automation.testcases.Test_FactoringCalculator')
data.setCell(13, 3, 1684);
data.setCell(14, 0, 14)
data.setCell(14, 1, 'invoiceAmountAplhaNumericValidation')
data.setCell(14, 2, 'com.swedbank.factoring.automation.testcases.Test_FactoringCalculator')
data.setCell(14, 3, 1614);
data.setCell(15, 0, 15)
data.setCell(15, 1, 'commissionFeesAlphaNumericValidation')
data.setCell(15, 2, 'com.swedbank.factoring.automation.testcases.Test_FactoringCalculator')
data.setCell(15, 3, 1367);
data.setCell(16, 0, 16)
data.setCell(16, 1, 'interestRateAboveLimitsValidation')
data.setCell(16, 2, 'com.swedbank.factoring.automation.testcases.Test_FactoringCalculator')
data.setCell(16, 3, 1104);
data.setCell(17, 0, 17)
data.setCell(17, 1, 'advanceRateValidation')
data.setCell(17, 2, 'com.swedbank.factoring.automation.testcases.Test_FactoringCalculator')
data.setCell(17, 3, 1096);
data.setCell(18, 0, 18)
data.setCell(18, 1, 'landingPage')
data.setCell(18, 2, 'com.swedbank.factoring.automation.testcases.Test_LandingPage')
data.setCell(18, 3, 986);
data.setCell(19, 0, 19)
data.setCell(19, 1, 'invoiceAmountZeroValidation')
data.setCell(19, 2, 'com.swedbank.factoring.automation.testcases.Test_FactoringCalculator')
data.setCell(19, 3, 334);
data.setCell(20, 0, 20)
data.setCell(20, 1, 'invoiceAmountEmptyValidation')
data.setCell(20, 2, 'com.swedbank.factoring.automation.testcases.Test_FactoringCalculator')
data.setCell(20, 3, 332);
data.setCell(21, 0, 21)
data.setCell(21, 1, 'interestRateAlphaNumericValidation')
data.setCell(21, 2, 'com.swedbank.factoring.automation.testcases.Test_FactoringCalculator')
data.setCell(21, 3, 298);
window.suiteTableData['FactoringTestSuite']= { tableData: data, tableDiv: 'times-div-FactoringTestSuite'}
return data;
}
              </script>
              <span class="suite-total-time">Total running time: 2 minutes</span>
              <div id="times-div-FactoringTestSuite">
              </div> <!-- times-div-FactoringTestSuite -->
            </div> <!-- times-div -->
          </div> <!-- main-panel-content rounded-window-bottom -->
        </div> <!-- panel -->
        <div panel-name="reporter-FactoringTestSuite" class="panel">
          <div class="main-panel-header rounded-window-top">
            <span class="header-content">Reporter output for FactoringTestSuite</span>
          </div> <!-- main-panel-header rounded-window-top -->
          <div class="main-panel-content rounded-window-bottom">
          </div> <!-- main-panel-content rounded-window-bottom -->
        </div> <!-- panel -->
        <div panel-name="ignored-methods-FactoringTestSuite" class="panel">
          <div class="main-panel-header rounded-window-top">
            <span class="header-content">3 ignored methods</span>
          </div> <!-- main-panel-header rounded-window-top -->
          <div class="main-panel-content rounded-window-bottom">
            <div class="ignored-class-div">
              <span class="ignored-class-name">com.swedbank.factoring.automation.testcases.Test_LandingPage</span>
              <div class="ignored-methods-div">
                <span class="ignored-method-name">datDrivenSuite</span>
                <br/>
              </div> <!-- ignored-methods-div -->
            </div> <!-- ignored-class-div -->
            <div class="ignored-class-div">
              <span class="ignored-class-name">com.swedbank.factoring.automation.testcases.Test_FactoringCalculator</span>
              <div class="ignored-methods-div">
                <span class="ignored-method-name">commissionFeesEmptyValidation</span>
                <br/>
                <span class="ignored-method-name">datDrivenSuite</span>
                <br/>
              </div> <!-- ignored-methods-div -->
            </div> <!-- ignored-class-div -->
          </div> <!-- main-panel-content rounded-window-bottom -->
        </div> <!-- panel -->
        <div panel-name="chronological-FactoringTestSuite" class="panel">
          <div class="main-panel-header rounded-window-top">
            <span class="header-content">Methods in chronological order</span>
          </div> <!-- main-panel-header rounded-window-top -->
          <div class="main-panel-content rounded-window-bottom">
            <div class="chronological-class">
              <div class="chronological-class-name">com.swedbank.factoring.automation.testcases.Test_LoginPage</div> <!-- chronological-class-name -->
              <div class="configuration-suite before">
                <span class="method-name">datDrivenSuite</span>
                <span class="method-start">0 ms</span>
              </div> <!-- configuration-suite before -->
            </div> <!-- chronological-class -->
            <div class="chronological-class">
              <div class="chronological-class-name">com.swedbank.factoring.automation.testcases.Test_LandingPage</div> <!-- chronological-class-name -->
              <div class="configuration-method before">
                <span class="method-name">setup</span>
                <span class="method-start">440 ms</span>
              </div> <!-- configuration-method before -->
            </div> <!-- chronological-class -->
            <div class="chronological-class">
              <div class="chronological-class-name">com.swedbank.factoring.automation.testcases.Test_LoginPage</div> <!-- chronological-class-name -->
              <div class="configuration-method before">
                <span class="method-name">setup</span>
                <span class="method-start">440 ms</span>
              </div> <!-- configuration-method before -->
            </div> <!-- chronological-class -->
            <div class="chronological-class">
              <div class="chronological-class-name">com.swedbank.factoring.automation.testcases.Test_LandingPage</div> <!-- chronological-class-name -->
              <div class="configuration-method before">
                <span class="method-name">setup</span>
                <span class="method-start">440 ms</span>
              </div> <!-- configuration-method before -->
            </div> <!-- chronological-class -->
            <div class="chronological-class">
              <div class="chronological-class-name">com.swedbank.factoring.automation.testcases.Test_LoginPage</div> <!-- chronological-class-name -->
              <div class="configuration-method before">
                <span class="method-name">setup</span>
                <span class="method-start">440 ms</span>
              </div> <!-- configuration-method before -->
            </div> <!-- chronological-class -->
            <div class="chronological-class">
              <div class="chronological-class-name">com.swedbank.factoring.automation.testcases.Test_FactoringCalculator</div> <!-- chronological-class-name -->
              <div class="configuration-method before">
                <span class="method-name">setup</span>
                <span class="method-start">440 ms</span>
              </div> <!-- configuration-method before -->
            </div> <!-- chronological-class -->
            <div class="chronological-class">
              <div class="chronological-class-name">com.swedbank.factoring.automation.testcases.Test_LandingPage</div> <!-- chronological-class-name -->
              <div class="configuration-method before">
                <span class="method-name">setup</span>
                <span class="method-start">440 ms</span>
              </div> <!-- configuration-method before -->
              <div class="configuration-method before">
                <span class="method-name">setup</span>
                <span class="method-start">440 ms</span>
              </div> <!-- configuration-method before -->
            </div> <!-- chronological-class -->
            <div class="chronological-class">
              <div class="chronological-class-name">com.swedbank.factoring.automation.testcases.Test_FactoringCalculator</div> <!-- chronological-class-name -->
              <div class="configuration-method before">
                <span class="method-name">setup</span>
                <span class="method-start">440 ms</span>
              </div> <!-- configuration-method before -->
              <div class="configuration-method before">
                <span class="method-name">setup</span>
                <span class="method-start">440 ms</span>
              </div> <!-- configuration-method before -->
            </div> <!-- chronological-class -->
            <div class="chronological-class">
              <div class="chronological-class-name">com.swedbank.factoring.automation.testcases.Test_LoginPage</div> <!-- chronological-class-name -->
              <div class="configuration-method before">
                <span class="method-name">setup</span>
                <span class="method-start">441 ms</span>
              </div> <!-- configuration-method before -->
            </div> <!-- chronological-class -->
            <div class="chronological-class">
              <div class="chronological-class-name">com.swedbank.factoring.automation.testcases.Test_FactoringCalculator</div> <!-- chronological-class-name -->
              <div class="test-method">
                <img src="failed.png">
                </img>
                <span class="method-name">sectionDefaultValidations</span>
                <span class="method-start">11209 ms</span>
              </div> <!-- test-method -->
            </div> <!-- chronological-class -->
            <div class="chronological-class">
              <div class="chronological-class-name">com.swedbank.factoring.automation.testcases.Test_LandingPage</div> <!-- chronological-class-name -->
              <div class="test-method">
                <span class="method-name">becomeACustomer</span>
                <span class="method-start">11269 ms</span>
              </div> <!-- test-method -->
              <div class="test-method">
                <span class="method-name">navigatingTabs</span>
                <span class="method-start">11945 ms</span>
              </div> <!-- test-method -->
              <div class="test-method">
                <span class="method-name">landingPage</span>
                <span class="method-start">15169 ms</span>
              </div> <!-- test-method -->
              <div class="configuration-method after">
                <span class="method-name">tearDown([TestResult name=landingPage status=SUCCESS method=Test_LandingPage.landingPage()[pri:0, instance:co...)</span>
                <span class="method-start">16158 ms</span>
              </div> <!-- configuration-method after -->
            </div> <!-- chronological-class -->
            <div class="chronological-class">
              <div class="chronological-class-name">com.swedbank.factoring.automation.testcases.Test_FactoringCalculator</div> <!-- chronological-class-name -->
              <div class="test-method">
                <span class="method-name">invoiceAmountAplhaNumericValidation</span>
                <span class="method-start">16363 ms</span>
              </div> <!-- test-method -->
              <div class="configuration-method after">
                <span class="method-name">tearDown([TestResult name=invoiceAmountAplhaNumericValidation status=SUCCESS method=Test_FactoringCalculator....)</span>
                <span class="method-start">17977 ms</span>
              </div> <!-- configuration-method after -->
              <div class="configuration-method before">
                <span class="method-name">setup</span>
                <span class="method-start">18402 ms</span>
              </div> <!-- configuration-method before -->
            </div> <!-- chronological-class -->
            <div class="chronological-class">
              <div class="chronological-class-name">com.swedbank.factoring.automation.testcases.Test_LoginPage</div> <!-- chronological-class-name -->
              <div class="test-method">
                <span class="method-name">usingSwedBanklogo</span>
                <span class="method-start">18723 ms</span>
              </div> <!-- test-method -->
            </div> <!-- chronological-class -->
            <div class="chronological-class">
              <div class="chronological-class-name">com.swedbank.factoring.automation.testcases.Test_LandingPage</div> <!-- chronological-class-name -->
              <div class="test-method">
                <span class="method-name">langOnLandingPage</span>
                <span class="method-start">18938 ms</span>
              </div> <!-- test-method -->
            </div> <!-- chronological-class -->
            <div class="chronological-class">
              <div class="chronological-class-name">com.swedbank.factoring.automation.testcases.Test_LoginPage</div> <!-- chronological-class-name -->
              <div class="test-method">
                <span class="method-name">usingLoginButton</span>
                <span class="method-start">19069 ms</span>
              </div> <!-- test-method -->
            </div> <!-- chronological-class -->
            <div class="chronological-class">
              <div class="chronological-class-name">com.swedbank.factoring.automation.testcases.Test_FactoringCalculator</div> <!-- chronological-class-name -->
              <div class="test-method">
                <img src="failed.png">
                </img>
                <span class="method-name">invoiceAmountEmptyValidation</span>
                <span class="method-start">19286 ms</span>
              </div> <!-- test-method -->
              <div class="configuration-method after">
                <span class="method-name">tearDown([TestResult name=invoiceAmountEmptyValidation status=FAILURE method=Test_FactoringCalculator.invoice...)</span>
                <span class="method-start">19711 ms</span>
              </div> <!-- configuration-method after -->
              <div class="configuration-method before">
                <span class="method-name">setup</span>
                <span class="method-start">19885 ms</span>
              </div> <!-- configuration-method before -->
            </div> <!-- chronological-class -->
            <div class="chronological-class">
              <div class="chronological-class-name">com.swedbank.factoring.automation.testcases.Test_LoginPage</div> <!-- chronological-class-name -->
              <div class="test-method">
                <span class="method-name">usingApplyButton</span>
                <span class="method-start">20102 ms</span>
              </div> <!-- test-method -->
            </div> <!-- chronological-class -->
            <div class="chronological-class">
              <div class="chronological-class-name">com.swedbank.factoring.automation.testcases.Test_FactoringCalculator</div> <!-- chronological-class-name -->
              <div class="configuration-method before">
                <span class="method-name">setup</span>
                <span class="method-start">25990 ms</span>
              </div> <!-- configuration-method before -->
              <div class="test-method">
                <span class="method-name">invoiceAmountZeroValidation</span>
                <span class="method-start">27801 ms</span>
              </div> <!-- test-method -->
              <div class="configuration-method after">
                <span class="method-name">tearDown([TestResult name=invoiceAmountZeroValidation status=SUCCESS method=Test_FactoringCalculator.invoiceA...)</span>
                <span class="method-start">28135 ms</span>
              </div> <!-- configuration-method after -->
            </div> <!-- chronological-class -->
            <div class="chronological-class">
              <div class="chronological-class-name">com.swedbank.factoring.automation.testcases.Test_LoginPage</div> <!-- chronological-class-name -->
              <div class="configuration-method after">
                <span class="method-name">tearDown([TestResult name=usingSwedBanklogo status=SUCCESS method=Test_LoginPage.usingSwedBanklogo()[pri:4, i...)</span>
                <span class="method-start">28458 ms</span>
              </div> <!-- configuration-method after -->
            </div> <!-- chronological-class -->
            <div class="chronological-class">
              <div class="chronological-class-name">com.swedbank.factoring.automation.testcases.Test_FactoringCalculator</div> <!-- chronological-class-name -->
              <div class="configuration-method before">
                <span class="method-name">setup</span>
                <span class="method-start">29286 ms</span>
              </div> <!-- configuration-method before -->
            </div> <!-- chronological-class -->
            <div class="chronological-class">
              <div class="chronological-class-name">com.swedbank.factoring.automation.testcases.Test_LandingPage</div> <!-- chronological-class-name -->
              <div class="configuration-method after">
                <span class="method-name">tearDown([TestResult name=langOnLandingPage status=SUCCESS method=Test_LandingPage.langOnLandingPage()[pri:3,...)</span>
                <span class="method-start">29398 ms</span>
              </div> <!-- configuration-method after -->
            </div> <!-- chronological-class -->
            <div class="chronological-class">
              <div class="chronological-class-name">com.swedbank.factoring.automation.testcases.Test_FactoringCalculator</div> <!-- chronological-class-name -->
              <div class="configuration-method before">
                <span class="method-name">setup</span>
                <span class="method-start">30179 ms</span>
              </div> <!-- configuration-method before -->
              <div class="test-method">
                <span class="method-name">advanceRateValidation</span>
                <span class="method-start">30261 ms</span>
              </div> <!-- test-method -->
              <div class="configuration-method before">
                <span class="method-name">setup</span>
                <span class="method-start">30999 ms</span>
              </div> <!-- configuration-method before -->
              <div class="configuration-method after">
                <span class="method-name">tearDown([TestResult name=advanceRateValidation status=SUCCESS method=Test_FactoringCalculator.advanceRateVal...)</span>
                <span class="method-start">31358 ms</span>
              </div> <!-- configuration-method after -->
              <div class="test-method">
                <span class="method-name">interestRateAlphaNumericValidation</span>
                <span class="method-start">31966 ms</span>
              </div> <!-- test-method -->
              <div class="configuration-method after">
                <span class="method-name">tearDown([TestResult name=interestRateAlphaNumericValidation status=SUCCESS method=Test_FactoringCalculator.i...)</span>
                <span class="method-start">32264 ms</span>
              </div> <!-- configuration-method after -->
            </div> <!-- chronological-class -->
            <div class="chronological-class">
              <div class="chronological-class-name">com.swedbank.factoring.automation.testcases.Test_LoginPage</div> <!-- chronological-class-name -->
              <div class="configuration-method after">
                <span class="method-name">tearDown([TestResult name=usingLoginButton status=SUCCESS method=Test_LoginPage.usingLoginButton()[pri:6, ins...)</span>
                <span class="method-start">32957 ms</span>
              </div> <!-- configuration-method after -->
            </div> <!-- chronological-class -->
            <div class="chronological-class">
              <div class="chronological-class-name">com.swedbank.factoring.automation.testcases.Test_FactoringCalculator</div> <!-- chronological-class-name -->
              <div class="configuration-method before">
                <span class="method-name">setup</span>
                <span class="method-start">33481 ms</span>
              </div> <!-- configuration-method before -->
              <div class="configuration-method before">
                <span class="method-name">setup</span>
                <span class="method-start">33557 ms</span>
              </div> <!-- configuration-method before -->
            </div> <!-- chronological-class -->
            <div class="chronological-class">
              <div class="chronological-class-name">com.swedbank.factoring.automation.testcases.Test_LoginPage</div> <!-- chronological-class-name -->
              <div class="configuration-method after">
                <span class="method-name">tearDown([TestResult name=usingApplyButton status=SUCCESS method=Test_LoginPage.usingApplyButton()[pri:5, ins...)</span>
                <span class="method-start">34775 ms</span>
              </div> <!-- configuration-method after -->
            </div> <!-- chronological-class -->
            <div class="chronological-class">
              <div class="chronological-class-name">com.swedbank.factoring.automation.testcases.Test_FactoringCalculator</div> <!-- chronological-class-name -->
              <div class="configuration-method before">
                <span class="method-name">setup</span>
                <span class="method-start">35793 ms</span>
              </div> <!-- configuration-method before -->
              <div class="configuration-method before">
                <span class="method-name">setup</span>
                <span class="method-start">35875 ms</span>
              </div> <!-- configuration-method before -->
              <div class="test-method">
                <span class="method-name">interestRateAboveLimitsValidation</span>
                <span class="method-start">42487 ms</span>
              </div> <!-- test-method -->
              <div class="test-method">
                <span class="method-name">interestRateEmptyValidation</span>
                <span class="method-start">42763 ms</span>
              </div> <!-- test-method -->
              <div class="configuration-method after">
                <span class="method-name">tearDown([TestResult name=sectionDefaultValidations status=FAILURE method=Test_FactoringCalculator.sectionDef...)</span>
                <span class="method-start">43385 ms</span>
              </div> <!-- configuration-method after -->
              <div class="configuration-method after">
                <span class="method-name">tearDown([TestResult name=interestRateAboveLimitsValidation status=SUCCESS method=Test_FactoringCalculator.in...)</span>
                <span class="method-start">43591 ms</span>
              </div> <!-- configuration-method after -->
              <div class="configuration-method before">
                <span class="method-name">setup</span>
                <span class="method-start">44505 ms</span>
              </div> <!-- configuration-method before -->
              <div class="configuration-method after">
                <span class="method-name">tearDown([TestResult name=interestRateEmptyValidation status=SUCCESS method=Test_FactoringCalculator.interest...)</span>
                <span class="method-start">45327 ms</span>
              </div> <!-- configuration-method after -->
            </div> <!-- chronological-class -->
            <div class="chronological-class">
              <div class="chronological-class-name">com.swedbank.factoring.automation.testcases.Test_LandingPage</div> <!-- chronological-class-name -->
              <div class="configuration-method after">
                <span class="method-name">tearDown([TestResult name=becomeACustomer status=SUCCESS method=Test_LandingPage.becomeACustomer()[pri:1, ins...)</span>
                <span class="method-start">46423 ms</span>
              </div> <!-- configuration-method after -->
              <div class="configuration-method after">
                <span class="method-name">tearDown([TestResult name=navigatingTabs status=SUCCESS method=Test_LandingPage.navigatingTabs()[pri:2, insta...)</span>
                <span class="method-start">47341 ms</span>
              </div> <!-- configuration-method after -->
            </div> <!-- chronological-class -->
            <div class="chronological-class">
              <div class="chronological-class-name">com.swedbank.factoring.automation.testcases.Test_FactoringCalculator</div> <!-- chronological-class-name -->
              <div class="test-method">
                <span class="method-name">commissionFeesAlphaNumericValidation</span>
                <span class="method-start">47413 ms</span>
              </div> <!-- test-method -->
              <div class="test-method">
                <span class="method-name">paymentTermValidation</span>
                <span class="method-start">47787 ms</span>
              </div> <!-- test-method -->
              <div class="configuration-method before">
                <span class="method-name">setup</span>
                <span class="method-start">47921 ms</span>
              </div> <!-- configuration-method before -->
              <div class="configuration-method after">
                <span class="method-name">tearDown([TestResult name=commissionFeesAlphaNumericValidation status=SUCCESS method=Test_FactoringCalculator...)</span>
                <span class="method-start">48780 ms</span>
              </div> <!-- configuration-method after -->
              <div class="test-method">
                <span class="method-name">applyButtonValidation</span>
                <span class="method-start">49722 ms</span>
              </div> <!-- test-method -->
              <div class="configuration-method after">
                <span class="method-name">tearDown([TestResult name=paymentTermValidation status=SUCCESS method=Test_FactoringCalculator.paymentTermVal...)</span>
                <span class="method-start">49777 ms</span>
              </div> <!-- configuration-method after -->
              <div class="test-method">
                <span class="method-name">docAndFeesTabGeneralConditionsValidation</span>
                <span class="method-start">51188 ms</span>
              </div> <!-- test-method -->
              <div class="configuration-method after">
                <span class="method-name">tearDown([TestResult name=applyButtonValidation status=SUCCESS method=Test_FactoringCalculator.applyButtonVal...)</span>
                <span class="method-start">51406 ms</span>
              </div> <!-- configuration-method after -->
              <div class="test-method">
                <span class="method-name">howToApplyTabValidation</span>
                <span class="method-start">53290 ms</span>
              </div> <!-- test-method -->
              <div class="configuration-method after">
                <span class="method-name">tearDown([TestResult name=docAndFeesTabGeneralConditionsValidation status=SUCCESS method=Test_FactoringCalcul...)</span>
                <span class="method-start">54114 ms</span>
              </div> <!-- configuration-method after -->
              <div class="configuration-method after">
                <span class="method-name">tearDown([TestResult name=howToApplyTabValidation status=SUCCESS method=Test_FactoringCalculator.howToApplyTa...)</span>
                <span class="method-start">55193 ms</span>
              </div> <!-- configuration-method after -->
              <div class="test-method">
                <span class="method-name">docAndFeesInvoiceListValidation</span>
                <span class="method-start">56137 ms</span>
              </div> <!-- test-method -->
              <div class="test-method">
                <span class="method-name">docAndfeesClaimDocValidation</span>
                <span class="method-start">57367 ms</span>
              </div> <!-- test-method -->
              <div class="configuration-method after">
                <span class="method-name">tearDown([TestResult name=docAndFeesInvoiceListValidation status=SUCCESS method=Test_FactoringCalculator.docA...)</span>
                <span class="method-start">60543 ms</span>
              </div> <!-- configuration-method after -->
              <div class="configuration-method after">
                <span class="method-name">tearDown([TestResult name=docAndfeesClaimDocValidation status=SUCCESS method=Test_FactoringCalculator.docAndf...)</span>
                <span class="method-start">61723 ms</span>
              </div> <!-- configuration-method after -->
          </div> <!-- main-panel-content rounded-window-bottom -->
        </div> <!-- panel -->
      </div> <!-- main-panel-root -->
    </div> <!-- wrapper -->
  </body>
<script type="text/javascript" src="testng-reports2.js"></script>
</html>
