<?xml version="1.0" encoding="UTF-8"?>
<testng-results skipped="0" failed="2" ignored="3" total="25" passed="20">
  <reporter-output>
  </reporter-output>
  <suite name="FactoringTestSuite" duration-ms="61808" started-at="2022-11-10T01:40:12 EET" finished-at="2022-11-10T01:41:14 EET">
    <groups>
    </groups>
    <test name="FactoringPageTests" duration-ms="61808" started-at="2022-11-10T01:40:12 EET" finished-at="2022-11-10T01:41:14 EET">
      <class name="com.swedbank.factoring.automation.testcases.Test_FactoringCalculator">
        <test-method status="PASS" signature="setup()[pri:0, instance:com.swedbank.factoring.automation.testcases.Test_FactoringCalculator@6321e813]" name="setup" is-config="true" duration-ms="18846" started-at="2022-11-10T01:40:12 EET" finished-at="2022-11-10T01:40:31 EET">
          <reporter-output>
          </reporter-output>
        </test-method> <!-- setup -->
        <test-method status="PASS" signature="setup()[pri:0, instance:com.swedbank.factoring.automation.testcases.Test_FactoringCalculator@6321e813]" name="setup" is-config="true" duration-ms="10768" started-at="2022-11-10T01:40:12 EET" finished-at="2022-11-10T01:40:23 EET">
          <reporter-output>
          </reporter-output>
        </test-method> <!-- setup -->
        <test-method status="PASS" signature="setup()[pri:0, instance:com.swedbank.factoring.automation.testcases.Test_FactoringCalculator@6321e813]" name="setup" is-config="true" duration-ms="15923" started-at="2022-11-10T01:40:12 EET" finished-at="2022-11-10T01:40:28 EET">
          <reporter-output>
          </reporter-output>
        </test-method> <!-- setup -->
        <test-method status="FAIL" signature="sectionDefaultValidations()[pri:7, instance:com.swedbank.factoring.automation.testcases.Test_FactoringCalculator@6321e813]" name="sectionDefaultValidations" duration-ms="32174" started-at="2022-11-10T01:40:23 EET" finished-at="2022-11-10T01:40:55 EET">
          <exception class="org.openqa.selenium.NoSuchElementException">
            <message>
              <![CDATA[no such element: Unable to locate element: {"method":"xpath","selector":"//select[@id='D6']"}
  (Session info: chrome=107.0.5304.87)
For documentation on this error, please visit: https://selenium.dev/exceptions/#no_such_element
Build info: version: '4.4.0', revision: 'e5c75ed026a'
System info: host: 'GE00371M.lan', ip: '2001:7d0:82c0:ef00:5c8f:3943:fecb:df8%en0', os.name: 'Mac OS X', os.arch: 'x86_64', os.version: '11.6.8', java.version: '1.8.0_341'
Driver info: org.openqa.selenium.chrome.ChromeDriver
Command: [8fb4a5d1d358d47da4f520b606a85756, findElement {using=xpath, value=//select[@id='D6']}]
Capabilities {acceptInsecureCerts: false, browserName: chrome, browserVersion: 107.0.5304.87, chrome: {chromedriverVersion: 107.0.5304.62 (1eec40d3a576..., userDataDir: /var/folders/0m/fvmjrzt11z5...}, goog:chromeOptions: {debuggerAddress: localhost:55125}, networkConnectionEnabled: false, pageLoadStrategy: normal, platformName: MAC, proxy: Proxy(), se:cdp: ws://localhost:55125/devtoo..., se:cdpVersion: 107.0.5304.87, setWindowRect: true, strictFileInteractability: false, timeouts: {implicit: 0, pageLoad: 300000, script: 30000}, unhandledPromptBehavior: dismiss and notify, webauthn:extension:credBlob: true, webauthn:extension:largeBlob: true, webauthn:virtualAuthenticators: true}
Session ID: 8fb4a5d1d358d47da4f520b606a85756]]>
            </message>
            <full-stacktrace>
              <![CDATA[org.openqa.selenium.NoSuchElementException: no such element: Unable to locate element: {"method":"xpath","selector":"//select[@id='D6']"}
  (Session info: chrome=107.0.5304.87)
For documentation on this error, please visit: https://selenium.dev/exceptions/#no_such_element
Build info: version: '4.4.0', revision: 'e5c75ed026a'
System info: host: 'GE00371M.lan', ip: '2001:7d0:82c0:ef00:5c8f:3943:fecb:df8%en0', os.name: 'Mac OS X', os.arch: 'x86_64', os.version: '11.6.8', java.version: '1.8.0_341'
Driver info: org.openqa.selenium.chrome.ChromeDriver
Command: [8fb4a5d1d358d47da4f520b606a85756, findElement {using=xpath, value=//select[@id='D6']}]
Capabilities {acceptInsecureCerts: false, browserName: chrome, browserVersion: 107.0.5304.87, chrome: {chromedriverVersion: 107.0.5304.62 (1eec40d3a576..., userDataDir: /var/folders/0m/fvmjrzt11z5...}, goog:chromeOptions: {debuggerAddress: localhost:55125}, networkConnectionEnabled: false, pageLoadStrategy: normal, platformName: MAC, proxy: Proxy(), se:cdp: ws://localhost:55125/devtoo..., se:cdpVersion: 107.0.5304.87, setWindowRect: true, strictFileInteractability: false, timeouts: {implicit: 0, pageLoad: 300000, script: 30000}, unhandledPromptBehavior: dismiss and notify, webauthn:extension:credBlob: true, webauthn:extension:largeBlob: true, webauthn:virtualAuthenticators: true}
Session ID: 8fb4a5d1d358d47da4f520b606a85756
at sun.reflect.NativeConstructorAccessorImpl.newInstance0(Native Method)
at sun.reflect.NativeConstructorAccessorImpl.newInstance(NativeConstructorAccessorImpl.java:62)
at sun.reflect.DelegatingConstructorAccessorImpl.newInstance(DelegatingConstructorAccessorImpl.java:45)
at java.lang.reflect.Constructor.newInstance(Constructor.java:423)
at org.openqa.selenium.remote.codec.w3c.W3CHttpResponseCodec.createException(W3CHttpResponseCodec.java:200)
at org.openqa.selenium.remote.codec.w3c.W3CHttpResponseCodec.decode(W3CHttpResponseCodec.java:133)
at org.openqa.selenium.remote.codec.w3c.W3CHttpResponseCodec.decode(W3CHttpResponseCodec.java:53)
at org.openqa.selenium.remote.HttpCommandExecutor.execute(HttpCommandExecutor.java:184)
at org.openqa.selenium.remote.service.DriverCommandExecutor.invokeExecute(DriverCommandExecutor.java:167)
at org.openqa.selenium.remote.service.DriverCommandExecutor.execute(DriverCommandExecutor.java:142)
at org.openqa.selenium.remote.RemoteWebDriver.execute(RemoteWebDriver.java:547)
at org.openqa.selenium.remote.ElementLocation$ElementFinder$2.findElement(ElementLocation.java:162)
at org.openqa.selenium.remote.ElementLocation.findElement(ElementLocation.java:60)
at org.openqa.selenium.remote.RemoteWebDriver.findElement(RemoteWebDriver.java:365)
at org.openqa.selenium.remote.RemoteWebDriver.findElement(RemoteWebDriver.java:357)
at org.openqa.selenium.support.pagefactory.DefaultElementLocator.findElement(DefaultElementLocator.java:70)
at org.openqa.selenium.support.pagefactory.internal.LocatingElementHandler.invoke(LocatingElementHandler.java:39)
at com.sun.proxy.$Proxy13.findElements(Unknown Source)
at org.openqa.selenium.support.ui.Select.getOptions(Select.java:79)
at org.openqa.selenium.support.ui.Select.getFirstSelectedOption(Select.java:97)
at com.swedbank.factoring.automation.pages.FactoringCalculatorPage.getDefaultAdvanceRate(FactoringCalculatorPage.java:73)
at com.swedbank.factoring.automation.testcases.Test_FactoringCalculator.sectionDefaultValidations(Test_FactoringCalculator.java:20)
at sun.reflect.NativeMethodAccessorImpl.invoke0(Native Method)
at sun.reflect.NativeMethodAccessorImpl.invoke(NativeMethodAccessorImpl.java:62)
at sun.reflect.DelegatingMethodAccessorImpl.invoke(DelegatingMethodAccessorImpl.java:43)
at java.lang.reflect.Method.invoke(Method.java:498)
at org.testng.internal.MethodInvocationHelper.invokeMethod(MethodInvocationHelper.java:133)
at org.testng.internal.TestInvoker.invokeMethod(TestInvoker.java:598)
at org.testng.internal.TestInvoker.invokeTestMethod(TestInvoker.java:173)
at org.testng.internal.MethodRunner.runInSequence(MethodRunner.java:46)
at org.testng.internal.TestInvoker$MethodInvocationAgent.invoke(TestInvoker.java:824)
at org.testng.internal.TestInvoker.invokeTestMethods(TestInvoker.java:146)
at org.testng.internal.TestMethodWorker.invokeTestMethods(TestMethodWorker.java:146)
at org.testng.internal.TestMethodWorker.run(TestMethodWorker.java:128)
at java.util.concurrent.ThreadPoolExecutor.runWorker(ThreadPoolExecutor.java:1149)
at java.util.concurrent.ThreadPoolExecutor$Worker.run(ThreadPoolExecutor.java:624)
at java.lang.Thread.run(Thread.java:750)
]]>
            </full-stacktrace>
          </exception> <!-- org.openqa.selenium.NoSuchElementException -->
          <reporter-output>
          </reporter-output>
        </test-method> <!-- sectionDefaultValidations -->
        <test-method status="PASS" signature="invoiceAmountAplhaNumericValidation()[pri:8, instance:com.swedbank.factoring.automation.testcases.Test_FactoringCalculator@6321e813]" name="invoiceAmountAplhaNumericValidation" duration-ms="1614" started-at="2022-11-10T01:40:28 EET" finished-at="2022-11-10T01:40:30 EET">
          <reporter-output>
          </reporter-output>
        </test-method> <!-- invoiceAmountAplhaNumericValidation -->
        <test-method status="PASS" signature="tearDown(org.testng.ITestResult)[pri:0, instance:com.swedbank.factoring.automation.testcases.Test_FactoringCalculator@6321e813]" name="tearDown" is-config="true" duration-ms="1907" started-at="2022-11-10T01:40:30 EET" finished-at="2022-11-10T01:40:32 EET">
          <params>
            <param index="0">
              <value>
                <![CDATA[[TestResult name=invoiceAmountAplhaNumericValidation status=SUCCESS method=Test_FactoringCalculator.invoiceAmountAplhaNumericValidation()[pri:8, instance:com.swedbank.factoring.automation.testcases.Test_FactoringCalculator@6321e813] output={null}]]]>
              </value>
            </param>
          </params>
          <reporter-output>
          </reporter-output>
        </test-method> <!-- tearDown -->
        <test-method status="PASS" signature="setup()[pri:0, instance:com.swedbank.factoring.automation.testcases.Test_FactoringCalculator@6321e813]" name="setup" is-config="true" duration-ms="9399" started-at="2022-11-10T01:40:30 EET" finished-at="2022-11-10T01:40:40 EET">
          <reporter-output>
          </reporter-output>
        </test-method> <!-- setup -->
        <test-method status="FAIL" signature="invoiceAmountEmptyValidation()[pri:9, instance:com.swedbank.factoring.automation.testcases.Test_FactoringCalculator@6321e813]" name="invoiceAmountEmptyValidation" duration-ms="332" started-at="2022-11-10T01:40:31 EET" finished-at="2022-11-10T01:40:32 EET">
          <exception class="org.openqa.selenium.interactions.MoveTargetOutOfBoundsException">
            <message>
              <![CDATA[move target out of bounds
  (Session info: chrome=107.0.5304.87)
Build info: version: '4.4.0', revision: 'e5c75ed026a'
System info: host: 'GE00371M.lan', ip: '2001:7d0:82c0:ef00:5c8f:3943:fecb:df8%en0', os.name: 'Mac OS X', os.arch: 'x86_64', os.version: '11.6.8', java.version: '1.8.0_341'
Driver info: org.openqa.selenium.chrome.ChromeDriver
Command: [1dfb7a5e6dd5e1784940444a175ad6b0, actions {actions=[org.openqa.selenium.interactions.Sequence@30163394]}]
Capabilities {acceptInsecureCerts: false, browserName: chrome, browserVersion: 107.0.5304.87, chrome: {chromedriverVersion: 107.0.5304.62 (1eec40d3a576..., userDataDir: /var/folders/0m/fvmjrzt11z5...}, goog:chromeOptions: {debuggerAddress: localhost:55127}, networkConnectionEnabled: false, pageLoadStrategy: normal, platformName: MAC, proxy: Proxy(), se:cdp: ws://localhost:55127/devtoo..., se:cdpVersion: 107.0.5304.87, setWindowRect: true, strictFileInteractability: false, timeouts: {implicit: 0, pageLoad: 300000, script: 30000}, unhandledPromptBehavior: dismiss and notify, webauthn:extension:credBlob: true, webauthn:extension:largeBlob: true, webauthn:virtualAuthenticators: true}
Session ID: 1dfb7a5e6dd5e1784940444a175ad6b0]]>
            </message>
            <full-stacktrace>
              <![CDATA[org.openqa.selenium.interactions.MoveTargetOutOfBoundsException: move target out of bounds
  (Session info: chrome=107.0.5304.87)
Build info: version: '4.4.0', revision: 'e5c75ed026a'
System info: host: 'GE00371M.lan', ip: '2001:7d0:82c0:ef00:5c8f:3943:fecb:df8%en0', os.name: 'Mac OS X', os.arch: 'x86_64', os.version: '11.6.8', java.version: '1.8.0_341'
Driver info: org.openqa.selenium.chrome.ChromeDriver
Command: [1dfb7a5e6dd5e1784940444a175ad6b0, actions {actions=[org.openqa.selenium.interactions.Sequence@30163394]}]
Capabilities {acceptInsecureCerts: false, browserName: chrome, browserVersion: 107.0.5304.87, chrome: {chromedriverVersion: 107.0.5304.62 (1eec40d3a576..., userDataDir: /var/folders/0m/fvmjrzt11z5...}, goog:chromeOptions: {debuggerAddress: localhost:55127}, networkConnectionEnabled: false, pageLoadStrategy: normal, platformName: MAC, proxy: Proxy(), se:cdp: ws://localhost:55127/devtoo..., se:cdpVersion: 107.0.5304.87, setWindowRect: true, strictFileInteractability: false, timeouts: {implicit: 0, pageLoad: 300000, script: 30000}, unhandledPromptBehavior: dismiss and notify, webauthn:extension:credBlob: true, webauthn:extension:largeBlob: true, webauthn:virtualAuthenticators: true}
Session ID: 1dfb7a5e6dd5e1784940444a175ad6b0
at sun.reflect.NativeConstructorAccessorImpl.newInstance0(Native Method)
at sun.reflect.NativeConstructorAccessorImpl.newInstance(NativeConstructorAccessorImpl.java:62)
at sun.reflect.DelegatingConstructorAccessorImpl.newInstance(DelegatingConstructorAccessorImpl.java:45)
at java.lang.reflect.Constructor.newInstance(Constructor.java:423)
at org.openqa.selenium.remote.codec.w3c.W3CHttpResponseCodec.createException(W3CHttpResponseCodec.java:200)
at org.openqa.selenium.remote.codec.w3c.W3CHttpResponseCodec.decode(W3CHttpResponseCodec.java:133)
at org.openqa.selenium.remote.codec.w3c.W3CHttpResponseCodec.decode(W3CHttpResponseCodec.java:53)
at org.openqa.selenium.remote.HttpCommandExecutor.execute(HttpCommandExecutor.java:184)
at org.openqa.selenium.remote.service.DriverCommandExecutor.invokeExecute(DriverCommandExecutor.java:167)
at org.openqa.selenium.remote.service.DriverCommandExecutor.execute(DriverCommandExecutor.java:142)
at org.openqa.selenium.remote.RemoteWebDriver.execute(RemoteWebDriver.java:547)
at org.openqa.selenium.remote.RemoteWebDriver.perform(RemoteWebDriver.java:615)
at org.openqa.selenium.interactions.Actions$BuiltAction.perform(Actions.java:567)
at org.openqa.selenium.interactions.Actions.perform(Actions.java:536)
at com.swedbank.factoring.automation.pages.FactoringCalculatorPage.invoiceAmountEmptyValidation(FactoringCalculatorPage.java:150)
at com.swedbank.factoring.automation.testcases.Test_FactoringCalculator.invoiceAmountEmptyValidation(Test_FactoringCalculator.java:45)
at sun.reflect.NativeMethodAccessorImpl.invoke0(Native Method)
at sun.reflect.NativeMethodAccessorImpl.invoke(NativeMethodAccessorImpl.java:62)
at sun.reflect.DelegatingMethodAccessorImpl.invoke(DelegatingMethodAccessorImpl.java:43)
at java.lang.reflect.Method.invoke(Method.java:498)
at org.testng.internal.MethodInvocationHelper.invokeMethod(MethodInvocationHelper.java:133)
at org.testng.internal.TestInvoker.invokeMethod(TestInvoker.java:598)
at org.testng.internal.TestInvoker.invokeTestMethod(TestInvoker.java:173)
at org.testng.internal.MethodRunner.runInSequence(MethodRunner.java:46)
at org.testng.internal.TestInvoker$MethodInvocationAgent.invoke(TestInvoker.java:824)
at org.testng.internal.TestInvoker.invokeTestMethods(TestInvoker.java:146)
at org.testng.internal.TestMethodWorker.invokeTestMethods(TestMethodWorker.java:146)
at org.testng.internal.TestMethodWorker.run(TestMethodWorker.java:128)
at java.util.concurrent.ThreadPoolExecutor.runWorker(ThreadPoolExecutor.java:1149)
at java.util.concurrent.ThreadPoolExecutor$Worker.run(ThreadPoolExecutor.java:624)
at java.lang.Thread.run(Thread.java:750)
]]>
            </full-stacktrace>
          </exception> <!-- org.openqa.selenium.interactions.MoveTargetOutOfBoundsException -->
          <reporter-output>
          </reporter-output>
        </test-method> <!-- invoiceAmountEmptyValidation -->
        <test-method status="PASS" signature="tearDown(org.testng.ITestResult)[pri:0, instance:com.swedbank.factoring.automation.testcases.Test_FactoringCalculator@6321e813]" name="tearDown" is-config="true" duration-ms="6278" started-at="2022-11-10T01:40:32 EET" finished-at="2022-11-10T01:40:38 EET">
          <params>
            <param index="0">
              <value>
                <![CDATA[[TestResult name=invoiceAmountEmptyValidation status=FAILURE method=Test_FactoringCalculator.invoiceAmountEmptyValidation()[pri:9, instance:com.swedbank.factoring.automation.testcases.Test_FactoringCalculator@6321e813] output={null}]]]>
              </value>
            </param>
          </params>
          <reporter-output>
          </reporter-output>
        </test-method> <!-- tearDown -->
        <test-method status="PASS" signature="setup()[pri:0, instance:com.swedbank.factoring.automation.testcases.Test_FactoringCalculator@6321e813]" name="setup" is-config="true" duration-ms="10376" started-at="2022-11-10T01:40:32 EET" finished-at="2022-11-10T01:40:42 EET">
          <reporter-output>
          </reporter-output>
        </test-method> <!-- setup -->
        <test-method status="PASS" signature="setup()[pri:0, instance:com.swedbank.factoring.automation.testcases.Test_FactoringCalculator@6321e813]" name="setup" is-config="true" duration-ms="5976" started-at="2022-11-10T01:40:38 EET" finished-at="2022-11-10T01:40:44 EET">
          <reporter-output>
          </reporter-output>
        </test-method> <!-- setup -->
        <test-method status="PASS" signature="invoiceAmountZeroValidation()[pri:10, instance:com.swedbank.factoring.automation.testcases.Test_FactoringCalculator@6321e813]" name="invoiceAmountZeroValidation" duration-ms="334" started-at="2022-11-10T01:40:40 EET" finished-at="2022-11-10T01:40:40 EET">
          <reporter-output>
          </reporter-output>
        </test-method> <!-- invoiceAmountZeroValidation -->
        <test-method status="PASS" signature="tearDown(org.testng.ITestResult)[pri:0, instance:com.swedbank.factoring.automation.testcases.Test_FactoringCalculator@6321e813]" name="tearDown" is-config="true" duration-ms="1150" started-at="2022-11-10T01:40:40 EET" finished-at="2022-11-10T01:40:41 EET">
          <params>
            <param index="0">
              <value>
                <![CDATA[[TestResult name=invoiceAmountZeroValidation status=SUCCESS method=Test_FactoringCalculator.invoiceAmountZeroValidation()[pri:10, instance:com.swedbank.factoring.automation.testcases.Test_FactoringCalculator@6321e813] output={null}]]]>
              </value>
            </param>
          </params>
          <reporter-output>
          </reporter-output>
        </test-method> <!-- tearDown -->
        <test-method status="PASS" signature="setup()[pri:0, instance:com.swedbank.factoring.automation.testcases.Test_FactoringCalculator@6321e813]" name="setup" is-config="true" duration-ms="13477" started-at="2022-11-10T01:40:41 EET" finished-at="2022-11-10T01:40:55 EET">
          <reporter-output>
          </reporter-output>
        </test-method> <!-- setup -->
        <test-method status="PASS" signature="setup()[pri:0, instance:com.swedbank.factoring.automation.testcases.Test_FactoringCalculator@6321e813]" name="setup" is-config="true" duration-ms="12308" started-at="2022-11-10T01:40:42 EET" finished-at="2022-11-10T01:40:54 EET">
          <reporter-output>
          </reporter-output>
        </test-method> <!-- setup -->
        <test-method status="PASS" signature="advanceRateValidation()[pri:11, instance:com.swedbank.factoring.automation.testcases.Test_FactoringCalculator@6321e813]" name="advanceRateValidation" duration-ms="1096" started-at="2022-11-10T01:40:42 EET" finished-at="2022-11-10T01:40:43 EET">
          <reporter-output>
          </reporter-output>
        </test-method> <!-- advanceRateValidation -->
        <test-method status="PASS" signature="setup()[pri:0, instance:com.swedbank.factoring.automation.testcases.Test_FactoringCalculator@6321e813]" name="setup" is-config="true" duration-ms="16788" started-at="2022-11-10T01:40:43 EET" finished-at="2022-11-10T01:41:00 EET">
          <reporter-output>
          </reporter-output>
        </test-method> <!-- setup -->
        <test-method status="PASS" signature="tearDown(org.testng.ITestResult)[pri:0, instance:com.swedbank.factoring.automation.testcases.Test_FactoringCalculator@6321e813]" name="tearDown" is-config="true" duration-ms="2123" started-at="2022-11-10T01:40:43 EET" finished-at="2022-11-10T01:40:45 EET">
          <params>
            <param index="0">
              <value>
                <![CDATA[[TestResult name=advanceRateValidation status=SUCCESS method=Test_FactoringCalculator.advanceRateValidation()[pri:11, instance:com.swedbank.factoring.automation.testcases.Test_FactoringCalculator@6321e813] output={null}]]]>
              </value>
            </param>
          </params>
          <reporter-output>
          </reporter-output>
        </test-method> <!-- tearDown -->
        <test-method status="PASS" signature="interestRateAlphaNumericValidation()[pri:12, instance:com.swedbank.factoring.automation.testcases.Test_FactoringCalculator@6321e813]" name="interestRateAlphaNumericValidation" duration-ms="298" started-at="2022-11-10T01:40:44 EET" finished-at="2022-11-10T01:40:44 EET">
          <reporter-output>
          </reporter-output>
        </test-method> <!-- interestRateAlphaNumericValidation -->
        <test-method status="PASS" signature="tearDown(org.testng.ITestResult)[pri:0, instance:com.swedbank.factoring.automation.testcases.Test_FactoringCalculator@6321e813]" name="tearDown" is-config="true" duration-ms="1293" started-at="2022-11-10T01:40:44 EET" finished-at="2022-11-10T01:40:46 EET">
          <params>
            <param index="0">
              <value>
                <![CDATA[[TestResult name=interestRateAlphaNumericValidation status=SUCCESS method=Test_FactoringCalculator.interestRateAlphaNumericValidation()[pri:12, instance:com.swedbank.factoring.automation.testcases.Test_FactoringCalculator@6321e813] output={null}]]]>
              </value>
            </param>
          </params>
          <reporter-output>
          </reporter-output>
        </test-method> <!-- tearDown -->
        <test-method status="PASS" signature="setup()[pri:0, instance:com.swedbank.factoring.automation.testcases.Test_FactoringCalculator@6321e813]" name="setup" is-config="true" duration-ms="13932" started-at="2022-11-10T01:40:45 EET" finished-at="2022-11-10T01:40:59 EET">
          <reporter-output>
          </reporter-output>
        </test-method> <!-- setup -->
        <test-method status="PASS" signature="setup()[pri:0, instance:com.swedbank.factoring.automation.testcases.Test_FactoringCalculator@6321e813]" name="setup" is-config="true" duration-ms="16165" started-at="2022-11-10T01:40:46 EET" finished-at="2022-11-10T01:41:02 EET">
          <reporter-output>
          </reporter-output>
        </test-method> <!-- setup -->
        <test-method status="PASS" signature="setup()[pri:0, instance:com.swedbank.factoring.automation.testcases.Test_FactoringCalculator@6321e813]" name="setup" is-config="true" duration-ms="17497" started-at="2022-11-10T01:40:48 EET" finished-at="2022-11-10T01:41:05 EET">
          <reporter-output>
          </reporter-output>
        </test-method> <!-- setup -->
        <test-method status="PASS" signature="setup()[pri:0, instance:com.swedbank.factoring.automation.testcases.Test_FactoringCalculator@6321e813]" name="setup" is-config="true" duration-ms="15313" started-at="2022-11-10T01:40:48 EET" finished-at="2022-11-10T01:41:03 EET">
          <reporter-output>
          </reporter-output>
        </test-method> <!-- setup -->
        <test-method status="PASS" signature="interestRateAboveLimitsValidation()[pri:14, instance:com.swedbank.factoring.automation.testcases.Test_FactoringCalculator@6321e813]" name="interestRateAboveLimitsValidation" duration-ms="1104" started-at="2022-11-10T01:40:54 EET" finished-at="2022-11-10T01:40:56 EET">
          <reporter-output>
          </reporter-output>
        </test-method> <!-- interestRateAboveLimitsValidation -->
        <test-method status="PASS" signature="interestRateEmptyValidation()[pri:13, instance:com.swedbank.factoring.automation.testcases.Test_FactoringCalculator@6321e813]" name="interestRateEmptyValidation" duration-ms="2564" started-at="2022-11-10T01:40:55 EET" finished-at="2022-11-10T01:40:57 EET">
          <reporter-output>
          </reporter-output>
        </test-method> <!-- interestRateEmptyValidation -->
        <test-method status="PASS" signature="tearDown(org.testng.ITestResult)[pri:0, instance:com.swedbank.factoring.automation.testcases.Test_FactoringCalculator@6321e813]" name="tearDown" is-config="true" duration-ms="1119" started-at="2022-11-10T01:40:55 EET" finished-at="2022-11-10T01:40:56 EET">
          <params>
            <param index="0">
              <value>
                <![CDATA[[TestResult name=sectionDefaultValidations status=FAILURE method=Test_FactoringCalculator.sectionDefaultValidations()[pri:7, instance:com.swedbank.factoring.automation.testcases.Test_FactoringCalculator@6321e813] output={null}]]]>
              </value>
            </param>
          </params>
          <reporter-output>
          </reporter-output>
        </test-method> <!-- tearDown -->
        <test-method status="PASS" signature="tearDown(org.testng.ITestResult)[pri:0, instance:com.swedbank.factoring.automation.testcases.Test_FactoringCalculator@6321e813]" name="tearDown" is-config="true" duration-ms="4330" started-at="2022-11-10T01:40:56 EET" finished-at="2022-11-10T01:41:00 EET">
          <params>
            <param index="0">
              <value>
                <![CDATA[[TestResult name=interestRateAboveLimitsValidation status=SUCCESS method=Test_FactoringCalculator.interestRateAboveLimitsValidation()[pri:14, instance:com.swedbank.factoring.automation.testcases.Test_FactoringCalculator@6321e813] output={null}]]]>
              </value>
            </param>
          </params>
          <reporter-output>
          </reporter-output>
        </test-method> <!-- tearDown -->
        <test-method status="PASS" signature="setup()[pri:0, instance:com.swedbank.factoring.automation.testcases.Test_FactoringCalculator@6321e813]" name="setup" is-config="true" duration-ms="11632" started-at="2022-11-10T01:40:56 EET" finished-at="2022-11-10T01:41:08 EET">
          <reporter-output>
          </reporter-output>
        </test-method> <!-- setup -->
        <test-method status="PASS" signature="tearDown(org.testng.ITestResult)[pri:0, instance:com.swedbank.factoring.automation.testcases.Test_FactoringCalculator@6321e813]" name="tearDown" is-config="true" duration-ms="2731" started-at="2022-11-10T01:40:57 EET" finished-at="2022-11-10T01:41:00 EET">
          <params>
            <param index="0">
              <value>
                <![CDATA[[TestResult name=interestRateEmptyValidation status=SUCCESS method=Test_FactoringCalculator.interestRateEmptyValidation()[pri:13, instance:com.swedbank.factoring.automation.testcases.Test_FactoringCalculator@6321e813] output={null}]]]>
              </value>
            </param>
          </params>
          <reporter-output>
          </reporter-output>
        </test-method> <!-- tearDown -->
        <test-method status="PASS" signature="commissionFeesAlphaNumericValidation()[pri:16, instance:com.swedbank.factoring.automation.testcases.Test_FactoringCalculator@6321e813]" name="commissionFeesAlphaNumericValidation" duration-ms="1367" started-at="2022-11-10T01:40:59 EET" finished-at="2022-11-10T01:41:01 EET">
          <reporter-output>
          </reporter-output>
        </test-method> <!-- commissionFeesAlphaNumericValidation -->
        <test-method status="PASS" signature="paymentTermValidation()[pri:15, instance:com.swedbank.factoring.automation.testcases.Test_FactoringCalculator@6321e813]" name="paymentTermValidation" duration-ms="1990" started-at="2022-11-10T01:41:00 EET" finished-at="2022-11-10T01:41:02 EET">
          <reporter-output>
          </reporter-output>
        </test-method> <!-- paymentTermValidation -->
        <test-method status="PASS" signature="setup()[pri:0, instance:com.swedbank.factoring.automation.testcases.Test_FactoringCalculator@6321e813]" name="setup" is-config="true" duration-ms="9446" started-at="2022-11-10T01:41:00 EET" finished-at="2022-11-10T01:41:09 EET">
          <reporter-output>
          </reporter-output>
        </test-method> <!-- setup -->
        <test-method status="PASS" signature="tearDown(org.testng.ITestResult)[pri:0, instance:com.swedbank.factoring.automation.testcases.Test_FactoringCalculator@6321e813]" name="tearDown" is-config="true" duration-ms="1758" started-at="2022-11-10T01:41:01 EET" finished-at="2022-11-10T01:41:03 EET">
          <params>
            <param index="0">
              <value>
                <![CDATA[[TestResult name=commissionFeesAlphaNumericValidation status=SUCCESS method=Test_FactoringCalculator.commissionFeesAlphaNumericValidation()[pri:16, instance:com.swedbank.factoring.automation.testcases.Test_FactoringCalculator@6321e813] output={null}]]]>
              </value>
            </param>
          </params>
          <reporter-output>
          </reporter-output>
        </test-method> <!-- tearDown -->
        <test-method status="PASS" signature="applyButtonValidation()[pri:18, instance:com.swedbank.factoring.automation.testcases.Test_FactoringCalculator@6321e813]" name="applyButtonValidation" duration-ms="1684" started-at="2022-11-10T01:41:02 EET" finished-at="2022-11-10T01:41:03 EET">
          <reporter-output>
          </reporter-output>
        </test-method> <!-- applyButtonValidation -->
        <test-method status="PASS" signature="tearDown(org.testng.ITestResult)[pri:0, instance:com.swedbank.factoring.automation.testcases.Test_FactoringCalculator@6321e813]" name="tearDown" is-config="true" duration-ms="1804" started-at="2022-11-10T01:41:02 EET" finished-at="2022-11-10T01:41:04 EET">
          <params>
            <param index="0">
              <value>
                <![CDATA[[TestResult name=paymentTermValidation status=SUCCESS method=Test_FactoringCalculator.paymentTermValidation()[pri:15, instance:com.swedbank.factoring.automation.testcases.Test_FactoringCalculator@6321e813] output={null}]]]>
              </value>
            </param>
          </params>
          <reporter-output>
          </reporter-output>
        </test-method> <!-- tearDown -->
        <test-method status="PASS" signature="docAndFeesTabGeneralConditionsValidation()[pri:20, instance:com.swedbank.factoring.automation.testcases.Test_FactoringCalculator@6321e813]" name="docAndFeesTabGeneralConditionsValidation" duration-ms="2926" started-at="2022-11-10T01:41:03 EET" finished-at="2022-11-10T01:41:06 EET">
          <reporter-output>
          </reporter-output>
        </test-method> <!-- docAndFeesTabGeneralConditionsValidation -->
        <test-method status="PASS" signature="tearDown(org.testng.ITestResult)[pri:0, instance:com.swedbank.factoring.automation.testcases.Test_FactoringCalculator@6321e813]" name="tearDown" is-config="true" duration-ms="2182" started-at="2022-11-10T01:41:03 EET" finished-at="2022-11-10T01:41:06 EET">
          <params>
            <param index="0">
              <value>
                <![CDATA[[TestResult name=applyButtonValidation status=SUCCESS method=Test_FactoringCalculator.applyButtonValidation()[pri:18, instance:com.swedbank.factoring.automation.testcases.Test_FactoringCalculator@6321e813] output={null}]]]>
              </value>
            </param>
          </params>
          <reporter-output>
          </reporter-output>
        </test-method> <!-- tearDown -->
        <test-method status="PASS" signature="howToApplyTabValidation()[pri:19, instance:com.swedbank.factoring.automation.testcases.Test_FactoringCalculator@6321e813]" name="howToApplyTabValidation" duration-ms="1903" started-at="2022-11-10T01:41:05 EET" finished-at="2022-11-10T01:41:07 EET">
          <reporter-output>
          </reporter-output>
        </test-method> <!-- howToApplyTabValidation -->
        <test-method status="PASS" signature="tearDown(org.testng.ITestResult)[pri:0, instance:com.swedbank.factoring.automation.testcases.Test_FactoringCalculator@6321e813]" name="tearDown" is-config="true" duration-ms="940" started-at="2022-11-10T01:41:06 EET" finished-at="2022-11-10T01:41:07 EET">
          <params>
            <param index="0">
              <value>
                <![CDATA[[TestResult name=docAndFeesTabGeneralConditionsValidation status=SUCCESS method=Test_FactoringCalculator.docAndFeesTabGeneralConditionsValidation()[pri:20, instance:com.swedbank.factoring.automation.testcases.Test_FactoringCalculator@6321e813] output={null}]]]>
              </value>
            </param>
          </params>
          <reporter-output>
          </reporter-output>
        </test-method> <!-- tearDown -->
        <test-method status="PASS" signature="tearDown(org.testng.ITestResult)[pri:0, instance:com.swedbank.factoring.automation.testcases.Test_FactoringCalculator@6321e813]" name="tearDown" is-config="true" duration-ms="1074" started-at="2022-11-10T01:41:07 EET" finished-at="2022-11-10T01:41:08 EET">
          <params>
            <param index="0">
              <value>
                <![CDATA[[TestResult name=howToApplyTabValidation status=SUCCESS method=Test_FactoringCalculator.howToApplyTabValidation()[pri:19, instance:com.swedbank.factoring.automation.testcases.Test_FactoringCalculator@6321e813] output={null}]]]>
              </value>
            </param>
          </params>
          <reporter-output>
          </reporter-output>
        </test-method> <!-- tearDown -->
        <test-method status="PASS" signature="docAndFeesInvoiceListValidation()[pri:21, instance:com.swedbank.factoring.automation.testcases.Test_FactoringCalculator@6321e813]" name="docAndFeesInvoiceListValidation" duration-ms="4405" started-at="2022-11-10T01:41:08 EET" finished-at="2022-11-10T01:41:13 EET">
          <reporter-output>
          </reporter-output>
        </test-method> <!-- docAndFeesInvoiceListValidation -->
        <test-method status="PASS" signature="docAndfeesClaimDocValidation()[pri:22, instance:com.swedbank.factoring.automation.testcases.Test_FactoringCalculator@6321e813]" name="docAndfeesClaimDocValidation" duration-ms="4356" started-at="2022-11-10T01:41:09 EET" finished-at="2022-11-10T01:41:14 EET">
          <reporter-output>
          </reporter-output>
        </test-method> <!-- docAndfeesClaimDocValidation -->
        <test-method status="PASS" signature="tearDown(org.testng.ITestResult)[pri:0, instance:com.swedbank.factoring.automation.testcases.Test_FactoringCalculator@6321e813]" name="tearDown" is-config="true" duration-ms="1373" started-at="2022-11-10T01:41:13 EET" finished-at="2022-11-10T01:41:14 EET">
          <params>
            <param index="0">
              <value>
                <![CDATA[[TestResult name=docAndFeesInvoiceListValidation status=SUCCESS method=Test_FactoringCalculator.docAndFeesInvoiceListValidation()[pri:21, instance:com.swedbank.factoring.automation.testcases.Test_FactoringCalculator@6321e813] output={null}]]]>
              </value>
            </param>
          </params>
          <reporter-output>
          </reporter-output>
        </test-method> <!-- tearDown -->
        <test-method status="PASS" signature="tearDown(org.testng.ITestResult)[pri:0, instance:com.swedbank.factoring.automation.testcases.Test_FactoringCalculator@6321e813]" name="tearDown" is-config="true" duration-ms="506" started-at="2022-11-10T01:41:14 EET" finished-at="2022-11-10T01:41:14 EET">
          <params>
            <param index="0">
              <value>
                <![CDATA[[TestResult name=docAndfeesClaimDocValidation status=SUCCESS method=Test_FactoringCalculator.docAndfeesClaimDocValidation()[pri:22, instance:com.swedbank.factoring.automation.testcases.Test_FactoringCalculator@6321e813] output={null}]]]>
              </value>
            </param>
          </params>
          <reporter-output>
          </reporter-output>
        </test-method> <!-- tearDown -->
      </class> <!-- com.swedbank.factoring.automation.testcases.Test_FactoringCalculator -->
      <class name="com.swedbank.factoring.automation.testcases.Test_LandingPage">
        <test-method status="PASS" signature="setup()[pri:0, instance:com.swedbank.factoring.automation.testcases.Test_LandingPage@3a883ce7]" name="setup" is-config="true" duration-ms="14729" started-at="2022-11-10T01:40:12 EET" finished-at="2022-11-10T01:40:27 EET">
          <reporter-output>
          </reporter-output>
        </test-method> <!-- setup -->
        <test-method status="PASS" signature="setup()[pri:0, instance:com.swedbank.factoring.automation.testcases.Test_LandingPage@3a883ce7]" name="setup" is-config="true" duration-ms="10829" started-at="2022-11-10T01:40:12 EET" finished-at="2022-11-10T01:40:23 EET">
          <reporter-output>
          </reporter-output>
        </test-method> <!-- setup -->
        <test-method status="PASS" signature="setup()[pri:0, instance:com.swedbank.factoring.automation.testcases.Test_LandingPage@3a883ce7]" name="setup" is-config="true" duration-ms="11505" started-at="2022-11-10T01:40:12 EET" finished-at="2022-11-10T01:40:24 EET">
          <reporter-output>
          </reporter-output>
        </test-method> <!-- setup -->
        <test-method status="PASS" signature="setup()[pri:0, instance:com.swedbank.factoring.automation.testcases.Test_LandingPage@3a883ce7]" name="setup" is-config="true" duration-ms="18498" started-at="2022-11-10T01:40:12 EET" finished-at="2022-11-10T01:40:31 EET">
          <reporter-output>
          </reporter-output>
        </test-method> <!-- setup -->
        <test-method status="PASS" signature="becomeACustomer()[pri:1, instance:com.swedbank.factoring.automation.testcases.Test_LandingPage@3a883ce7]" name="becomeACustomer" duration-ms="35154" started-at="2022-11-10T01:40:23 EET" finished-at="2022-11-10T01:40:58 EET">
          <reporter-output>
          </reporter-output>
        </test-method> <!-- becomeACustomer -->
        <test-method status="PASS" signature="navigatingTabs()[pri:2, instance:com.swedbank.factoring.automation.testcases.Test_LandingPage@3a883ce7]" name="navigatingTabs" duration-ms="35396" started-at="2022-11-10T01:40:24 EET" finished-at="2022-11-10T01:40:59 EET">
          <reporter-output>
          </reporter-output>
        </test-method> <!-- navigatingTabs -->
        <test-method status="PASS" signature="landingPage()[pri:0, instance:com.swedbank.factoring.automation.testcases.Test_LandingPage@3a883ce7]" name="landingPage" duration-ms="986" started-at="2022-11-10T01:40:27 EET" finished-at="2022-11-10T01:40:28 EET">
          <reporter-output>
          </reporter-output>
        </test-method> <!-- landingPage -->
        <test-method status="PASS" signature="tearDown(org.testng.ITestResult)[pri:0, instance:com.swedbank.factoring.automation.testcases.Test_LandingPage@3a883ce7]" name="tearDown" is-config="true" duration-ms="2243" started-at="2022-11-10T01:40:28 EET" finished-at="2022-11-10T01:40:30 EET">
          <params>
            <param index="0">
              <value>
                <![CDATA[[TestResult name=landingPage status=SUCCESS method=Test_LandingPage.landingPage()[pri:0, instance:com.swedbank.factoring.automation.testcases.Test_LandingPage@3a883ce7] output={null}]]]>
              </value>
            </param>
          </params>
          <reporter-output>
          </reporter-output>
        </test-method> <!-- tearDown -->
        <test-method status="PASS" signature="langOnLandingPage()[pri:3, instance:com.swedbank.factoring.automation.testcases.Test_LandingPage@3a883ce7]" name="langOnLandingPage" duration-ms="10460" started-at="2022-11-10T01:40:31 EET" finished-at="2022-11-10T01:40:41 EET">
          <reporter-output>
          </reporter-output>
        </test-method> <!-- langOnLandingPage -->
        <test-method status="PASS" signature="tearDown(org.testng.ITestResult)[pri:0, instance:com.swedbank.factoring.automation.testcases.Test_LandingPage@3a883ce7]" name="tearDown" is-config="true" duration-ms="1601" started-at="2022-11-10T01:40:41 EET" finished-at="2022-11-10T01:40:43 EET">
          <params>
            <param index="0">
              <value>
                <![CDATA[[TestResult name=langOnLandingPage status=SUCCESS method=Test_LandingPage.langOnLandingPage()[pri:3, instance:com.swedbank.factoring.automation.testcases.Test_LandingPage@3a883ce7] output={null}]]]>
              </value>
            </param>
          </params>
          <reporter-output>
          </reporter-output>
        </test-method> <!-- tearDown -->
        <test-method status="PASS" signature="tearDown(org.testng.ITestResult)[pri:0, instance:com.swedbank.factoring.automation.testcases.Test_LandingPage@3a883ce7]" name="tearDown" is-config="true" duration-ms="1725" started-at="2022-11-10T01:40:58 EET" finished-at="2022-11-10T01:41:00 EET">
          <params>
            <param index="0">
              <value>
                <![CDATA[[TestResult name=becomeACustomer status=SUCCESS method=Test_LandingPage.becomeACustomer()[pri:1, instance:com.swedbank.factoring.automation.testcases.Test_LandingPage@3a883ce7] output={null}]]]>
              </value>
            </param>
          </params>
          <reporter-output>
          </reporter-output>
        </test-method> <!-- tearDown -->
        <test-method status="PASS" signature="tearDown(org.testng.ITestResult)[pri:0, instance:com.swedbank.factoring.automation.testcases.Test_LandingPage@3a883ce7]" name="tearDown" is-config="true" duration-ms="1850" started-at="2022-11-10T01:40:59 EET" finished-at="2022-11-10T01:41:01 EET">
          <params>
            <param index="0">
              <value>
                <![CDATA[[TestResult name=navigatingTabs status=SUCCESS method=Test_LandingPage.navigatingTabs()[pri:2, instance:com.swedbank.factoring.automation.testcases.Test_LandingPage@3a883ce7] output={null}]]]>
              </value>
            </param>
          </params>
          <reporter-output>
          </reporter-output>
        </test-method> <!-- tearDown -->
      </class> <!-- com.swedbank.factoring.automation.testcases.Test_LandingPage -->
      <class name="com.swedbank.factoring.automation.testcases.Test_LoginPage">
        <test-method status="PASS" signature="datDrivenSuite()[pri:0, instance:com.swedbank.factoring.automation.testcases.Test_LoginPage@6e6c3152]" name="datDrivenSuite" is-config="true" duration-ms="421" started-at="2022-11-10T01:40:12 EET" finished-at="2022-11-10T01:40:12 EET">
          <reporter-output>
          </reporter-output>
        </test-method> <!-- datDrivenSuite -->
        <test-method status="PASS" signature="setup()[pri:0, instance:com.swedbank.factoring.automation.testcases.Test_LoginPage@6e6c3152]" name="setup" is-config="true" duration-ms="19661" started-at="2022-11-10T01:40:12 EET" finished-at="2022-11-10T01:40:32 EET">
          <reporter-output>
          </reporter-output>
        </test-method> <!-- setup -->
        <test-method status="PASS" signature="setup()[pri:0, instance:com.swedbank.factoring.automation.testcases.Test_LoginPage@6e6c3152]" name="setup" is-config="true" duration-ms="18283" started-at="2022-11-10T01:40:12 EET" finished-at="2022-11-10T01:40:31 EET">
          <reporter-output>
          </reporter-output>
        </test-method> <!-- setup -->
        <test-method status="PASS" signature="setup()[pri:0, instance:com.swedbank.factoring.automation.testcases.Test_LoginPage@6e6c3152]" name="setup" is-config="true" duration-ms="18628" started-at="2022-11-10T01:40:12 EET" finished-at="2022-11-10T01:40:31 EET">
          <reporter-output>
          </reporter-output>
        </test-method> <!-- setup -->
        <test-method status="PASS" signature="usingSwedBanklogo()[pri:4, instance:com.swedbank.factoring.automation.testcases.Test_LoginPage@6e6c3152]" name="usingSwedBanklogo" duration-ms="9734" started-at="2022-11-10T01:40:31 EET" finished-at="2022-11-10T01:40:40 EET">
          <reporter-output>
          </reporter-output>
        </test-method> <!-- usingSwedBanklogo -->
        <test-method status="PASS" signature="usingLoginButton()[pri:6, instance:com.swedbank.factoring.automation.testcases.Test_LoginPage@6e6c3152]" name="usingLoginButton" duration-ms="13888" started-at="2022-11-10T01:40:31 EET" finished-at="2022-11-10T01:40:45 EET">
          <reporter-output>
          </reporter-output>
        </test-method> <!-- usingLoginButton -->
        <test-method status="PASS" signature="usingApplyButton()[pri:5, instance:com.swedbank.factoring.automation.testcases.Test_LoginPage@6e6c3152]" name="usingApplyButton" duration-ms="14672" started-at="2022-11-10T01:40:32 EET" finished-at="2022-11-10T01:40:47 EET">
          <reporter-output>
          </reporter-output>
        </test-method> <!-- usingApplyButton -->
        <test-method status="PASS" signature="tearDown(org.testng.ITestResult)[pri:0, instance:com.swedbank.factoring.automation.testcases.Test_LoginPage@6e6c3152]" name="tearDown" is-config="true" duration-ms="1721" started-at="2022-11-10T01:40:40 EET" finished-at="2022-11-10T01:40:42 EET">
          <params>
            <param index="0">
              <value>
                <![CDATA[[TestResult name=usingSwedBanklogo status=SUCCESS method=Test_LoginPage.usingSwedBanklogo()[pri:4, instance:com.swedbank.factoring.automation.testcases.Test_LoginPage@6e6c3152] output={null}]]]>
              </value>
            </param>
          </params>
          <reporter-output>
          </reporter-output>
        </test-method> <!-- tearDown -->
        <test-method status="PASS" signature="tearDown(org.testng.ITestResult)[pri:0, instance:com.swedbank.factoring.automation.testcases.Test_LoginPage@6e6c3152]" name="tearDown" is-config="true" duration-ms="2836" started-at="2022-11-10T01:40:45 EET" finished-at="2022-11-10T01:40:48 EET">
          <params>
            <param index="0">
              <value>
                <![CDATA[[TestResult name=usingLoginButton status=SUCCESS method=Test_LoginPage.usingLoginButton()[pri:6, instance:com.swedbank.factoring.automation.testcases.Test_LoginPage@6e6c3152] output={null}]]]>
              </value>
            </param>
          </params>
          <reporter-output>
          </reporter-output>
        </test-method> <!-- tearDown -->
        <test-method status="PASS" signature="tearDown(org.testng.ITestResult)[pri:0, instance:com.swedbank.factoring.automation.testcases.Test_LoginPage@6e6c3152]" name="tearDown" is-config="true" duration-ms="1099" started-at="2022-11-10T01:40:47 EET" finished-at="2022-11-10T01:40:48 EET">
          <params>
            <param index="0">
              <value>
                <![CDATA[[TestResult name=usingApplyButton status=SUCCESS method=Test_LoginPage.usingApplyButton()[pri:5, instance:com.swedbank.factoring.automation.testcases.Test_LoginPage@6e6c3152] output={null}]]]>
              </value>
            </param>
          </params>
          <reporter-output>
          </reporter-output>
        </test-method> <!-- tearDown -->
      </class> <!-- com.swedbank.factoring.automation.testcases.Test_LoginPage -->
    </test> <!-- FactoringPageTests -->
  </suite> <!-- FactoringTestSuite -->
</testng-results>
