<!DOCTYPE html PUBLIC "-//W3C//DTD XHTML 1.1//EN" "https://www.w3.org/TR/xhtml11/DTD/xhtml11.dtd">
<html xmlns="https://www.w3.org/1999/xhtml">
<head>
<meta http-equiv="content-type" content="text/html; charset=UTF-8"/>
<title>TestNG Report</title>
<style type="text/css">table {margin-bottom:10px;border-collapse:collapse;empty-cells:show}th,td {border:1px solid #009;padding:.25em .5em}th {vertical-align:bottom}td {vertical-align:top}table a {font-weight:bold}.stripe td {background-color: #E6EBF9}.num {text-align:right}.passedodd td {background-color: #3F3}.passedeven td {background-color: #0A0}.skippedodd td {background-color: #DDD}.skippedeven td {background-color: #CCC}.failedodd td,.attn {background-color: #F33}.failedeven td,.stripe .attn {background-color: #D00}.stacktrace {white-space:pre;font-family:monospace}.totop {font-size:85%;text-align:center;border-bottom:2px solid #000}.invisible {display:none}</style>
</head>
<body>
<table>
<tr><th>Test</th><th># Passed</th><th># Skipped</th><th># Retried</th><th># Failed</th><th>Time (ms)</th><th>Included Groups</th><th>Excluded Groups</th></tr>
<tr><th colspan="8">FactoringTestSuite</th></tr>
<tr><td><a href="#t0">FactoringPageTests</a></td><td class="num">17</td><td class="num">0</td><td class="num">0</td><td class="num attn">5</td><td class="num">91,281</td><td></td><td></td></tr>
</table>
<table id='summary'><thead><tr><th>Class</th><th>Method</th><th>Start</th><th>Time (ms)</th></tr></thead><tbody><tr><th colspan="4">FactoringTestSuite</th></tr></tbody><tbody id="t0"><tr><th colspan="4">FactoringPageTests &#8212; failed</th></tr><tr class="failedeven"><td rowspan="4">com.swedbank.factoring.automation.testcases.Test_FactoringCalculator</td><td><a href="#m0">commissionFeesAlphaNumericValidation</a></td><td rowspan="1">1668035370898</td><td rowspan="1">73</td></tr><tr class="failedeven"><td><a href="#m1">docAndFeesInvoiceListValidation</a></td><td rowspan="1">1668035382482</td><td rowspan="1">32772</td></tr><tr class="failedeven"><td><a href="#m2">invoiceAmountEmptyValidation</a></td><td rowspan="1">1668035346299</td><td rowspan="1">767</td></tr><tr class="failedeven"><td><a href="#m3">sectionDefaultValidations</a></td><td rowspan="1">1668035346422</td><td rowspan="1">3776</td></tr><tr class="failedodd"><td rowspan="1">com.swedbank.factoring.automation.testcases.Test_LoginPage</td><td><a href="#m4">usingApplyButton</a></td><td rowspan="1">1668035337789</td><td rowspan="1">35112</td></tr><tr><th colspan="4">FactoringPageTests &#8212; passed</th></tr><tr class="passedeven"><td rowspan="11">com.swedbank.factoring.automation.testcases.Test_FactoringCalculator</td><td><a href="#m5">advanceRateValidation</a></td><td rowspan="1">1668035361085</td><td rowspan="1">1565</td></tr><tr class="passedeven"><td><a href="#m6">applyButtonValidation</a></td><td rowspan="1">1668035373188</td><td rowspan="1">1666</td></tr><tr class="passedeven"><td><a href="#m7">docAndFeesTabGeneralConditionsValidation</a></td><td rowspan="1">1668035381058</td><td rowspan="1">2325</td></tr><tr class="passedeven"><td><a href="#m8">docAndfeesClaimDocValidation</a></td><td rowspan="1">1668035381733</td><td rowspan="1">4345</td></tr><tr class="passedeven"><td><a href="#m9">howToApplyTabValidation</a></td><td rowspan="1">1668035382489</td><td rowspan="1">1999</td></tr><tr class="passedeven"><td><a href="#m10">interestRateAboveLimitsValidation</a></td><td rowspan="1">1668035366757</td><td rowspan="1">1339</td></tr><tr class="passedeven"><td><a href="#m11">interestRateAlphaNumericValidation</a></td><td rowspan="1">1668035363355</td><td rowspan="1">564</td></tr><tr class="passedeven"><td><a href="#m12">interestRateEmptyValidation</a></td><td rowspan="1">1668035364891</td><td rowspan="1">1511</td></tr><tr class="passedeven"><td><a href="#m13">invoiceAmountAplhaNumericValidation</a></td><td rowspan="1">1668035346210</td><td rowspan="1">1765</td></tr><tr class="passedeven"><td><a href="#m14">invoiceAmountZeroValidation</a></td><td rowspan="1">1668035361094</td><td rowspan="1">489</td></tr><tr class="passedeven"><td><a href="#m15">paymentTermValidation</a></td><td rowspan="1">1668035369170</td><td rowspan="1">1180</td></tr><tr class="passedodd"><td rowspan="4">com.swedbank.factoring.automation.testcases.Test_LandingPage</td><td><a href="#m16">becomeACustomer</a></td><td rowspan="1">1668035339006</td><td rowspan="1">7000</td></tr><tr class="passedodd"><td><a href="#m17">landingPage</a></td><td rowspan="1">1668035343565</td><td rowspan="1">960</td></tr><tr class="passedodd"><td><a href="#m18">langOnLandingPage</a></td><td rowspan="1">1668035337789</td><td rowspan="1">39190</td></tr><tr class="passedodd"><td><a href="#m19">navigatingTabs</a></td><td rowspan="1">1668035342272</td><td rowspan="1">35634</td></tr><tr class="passedeven"><td rowspan="2">com.swedbank.factoring.automation.testcases.Test_LoginPage</td><td><a href="#m20">usingLoginButton</a></td><td rowspan="1">1668035344765</td><td rowspan="1">14148</td></tr><tr class="passedeven"><td><a href="#m21">usingSwedBanklogo</a></td><td rowspan="1">1668035346381</td><td rowspan="1">10138</td></tr></tbody>
</table>
<h2>FactoringPageTests</h2><h3 id="m0">com.swedbank.factoring.automation.testcases.Test_FactoringCalculator#commissionFeesAlphaNumericValidation</h3><table class="result"><tr><th>Exception</th></tr><tr><td><div class="stacktrace">org.openqa.selenium.interactions.MoveTargetOutOfBoundsException: move target out of bounds
  (Session info: chrome=107.0.5304.87)
Build info: version: &apos;4.4.0&apos;, revision: &apos;e5c75ed026a&apos;
System info: host: &apos;GE00371M.lan&apos;, ip: &apos;2001:7d0:82c0:ef00:5c8f:3943:fecb:df8%en0&apos;, os.name: &apos;Mac OS X&apos;, os.arch: &apos;x86_64&apos;, os.version: &apos;11.6.8&apos;, java.version: &apos;17.0.4.1&apos;
Driver info: org.openqa.selenium.chrome.ChromeDriver
Command: [a3fe86dbdc88b9ec0d7ee1ca4a6d2fb8, actions {actions=[org.openqa.selenium.interactions.Sequence@67300583]}]
Capabilities {acceptInsecureCerts: false, browserName: chrome, browserVersion: 107.0.5304.87, chrome: {chromedriverVersion: 107.0.5304.62 (1eec40d3a576..., userDataDir: /var/folders/0m/fvmjrzt11z5...}, goog:chromeOptions: {debuggerAddress: localhost:54588}, networkConnectionEnabled: false, pageLoadStrategy: normal, platformName: MAC, proxy: Proxy(), se:cdp: ws://localhost:54588/devtoo..., se:cdpVersion: 107.0.5304.87, setWindowRect: true, strictFileInteractability: false, timeouts: {implicit: 0, pageLoad: 300000, script: 30000}, unhandledPromptBehavior: dismiss and notify, webauthn:extension:credBlob: true, webauthn:extension:largeBlob: true, webauthn:virtualAuthenticators: true}
Session ID: a3fe86dbdc88b9ec0d7ee1ca4a6d2fb8
	at org.openqa.selenium.remote.codec.w3c.W3CHttpResponseCodec.createException(W3CHttpResponseCodec.java:200)
	at org.openqa.selenium.remote.codec.w3c.W3CHttpResponseCodec.decode(W3CHttpResponseCodec.java:133)
	at org.openqa.selenium.remote.codec.w3c.W3CHttpResponseCodec.decode(W3CHttpResponseCodec.java:53)
	at org.openqa.selenium.remote.HttpCommandExecutor.execute(HttpCommandExecutor.java:184)
	at org.openqa.selenium.remote.service.DriverCommandExecutor.invokeExecute(DriverCommandExecutor.java:167)
	at org.openqa.selenium.remote.service.DriverCommandExecutor.execute(DriverCommandExecutor.java:142)
	at org.openqa.selenium.remote.RemoteWebDriver.execute(RemoteWebDriver.java:547)
	at org.openqa.selenium.remote.RemoteWebDriver.perform(RemoteWebDriver.java:615)
	at org.openqa.selenium.interactions.Actions$BuiltAction.perform(Actions.java:567)
	at org.openqa.selenium.interactions.Actions.perform(Actions.java:536)
	at com.swedbank.factoring.automation.pages.FactoringCalculatorPage.commissionFeesAlphaNumericValidation(FactoringCalculatorPage.java:244)
	at com.swedbank.factoring.automation.testcases.Test_FactoringCalculator.commissionFeesAlphaNumericValidation(Test_FactoringCalculator.java:107)
	at java.base/java.util.concurrent.ThreadPoolExecutor.runWorker(ThreadPoolExecutor.java:1136)
	at java.base/java.util.concurrent.ThreadPoolExecutor$Worker.run(ThreadPoolExecutor.java:635)
	at java.base/java.lang.Thread.run(Thread.java:833)
... Removed 17 stack frames</div></td></tr></table><p class="totop"><a href="#summary">back to summary</a></p>
<h3 id="m1">com.swedbank.factoring.automation.testcases.Test_FactoringCalculator#docAndFeesInvoiceListValidation</h3><table class="result"><tr><th>Exception</th></tr><tr><td><div class="stacktrace">org.openqa.selenium.ElementNotInteractableException: element not interactable
  (Session info: chrome=107.0.5304.87)
Build info: version: &apos;4.4.0&apos;, revision: &apos;e5c75ed026a&apos;
System info: host: &apos;GE00371M.lan&apos;, ip: &apos;2001:7d0:82c0:ef00:5c8f:3943:fecb:df8%en0&apos;, os.name: &apos;Mac OS X&apos;, os.arch: &apos;x86_64&apos;, os.version: &apos;11.6.8&apos;, java.version: &apos;17.0.4.1&apos;
Driver info: org.openqa.selenium.chrome.ChromeDriver
Command: [c4a513d0098e625afadd4c1c2ac97f1e, clickElement {id=603ca9f6-fa32-4a4d-bb3e-13fb59c1f754}]
Capabilities {acceptInsecureCerts: false, browserName: chrome, browserVersion: 107.0.5304.87, chrome: {chromedriverVersion: 107.0.5304.62 (1eec40d3a576..., userDataDir: /var/folders/0m/fvmjrzt11z5...}, goog:chromeOptions: {debuggerAddress: localhost:54650}, networkConnectionEnabled: false, pageLoadStrategy: normal, platformName: MAC, proxy: Proxy(), se:cdp: ws://localhost:54650/devtoo..., se:cdpVersion: 107.0.5304.87, setWindowRect: true, strictFileInteractability: false, timeouts: {implicit: 0, pageLoad: 300000, script: 30000}, unhandledPromptBehavior: dismiss and notify, webauthn:extension:credBlob: true, webauthn:extension:largeBlob: true, webauthn:virtualAuthenticators: true}
Element: [[ChromeDriver: chrome on MAC (c4a513d0098e625afadd4c1c2ac97f1e)] -&gt; xpath: //a[text()=&apos;List of invoices&apos;]]
Session ID: c4a513d0098e625afadd4c1c2ac97f1e
	at org.openqa.selenium.remote.codec.w3c.W3CHttpResponseCodec.createException(W3CHttpResponseCodec.java:200)
	at org.openqa.selenium.remote.codec.w3c.W3CHttpResponseCodec.decode(W3CHttpResponseCodec.java:133)
	at org.openqa.selenium.remote.codec.w3c.W3CHttpResponseCodec.decode(W3CHttpResponseCodec.java:53)
	at org.openqa.selenium.remote.HttpCommandExecutor.execute(HttpCommandExecutor.java:184)
	at org.openqa.selenium.remote.service.DriverCommandExecutor.invokeExecute(DriverCommandExecutor.java:167)
	at org.openqa.selenium.remote.service.DriverCommandExecutor.execute(DriverCommandExecutor.java:142)
	at org.openqa.selenium.remote.RemoteWebDriver.execute(RemoteWebDriver.java:547)
	at org.openqa.selenium.remote.RemoteWebElement.execute(RemoteWebElement.java:257)
	at org.openqa.selenium.remote.RemoteWebElement.click(RemoteWebElement.java:78)
	at org.openqa.selenium.support.pagefactory.internal.LocatingElementHandler.invoke(LocatingElementHandler.java:52)
	at jdk.proxy2/jdk.proxy2.$Proxy17.click(Unknown Source)
	at com.swedbank.factoring.automation.pages.FactoringCalculatorPage.docAndFeesInvoiceListValidation(FactoringCalculatorPage.java:323)
	at com.swedbank.factoring.automation.testcases.Test_FactoringCalculator.docAndFeesInvoiceListValidation(Test_FactoringCalculator.java:148)
	at java.base/java.util.concurrent.ThreadPoolExecutor.runWorker(ThreadPoolExecutor.java:1136)
	at java.base/java.util.concurrent.ThreadPoolExecutor$Worker.run(ThreadPoolExecutor.java:635)
	at java.base/java.lang.Thread.run(Thread.java:833)
... Removed 20 stack frames</div></td></tr></table><p class="totop"><a href="#summary">back to summary</a></p>
<h3 id="m2">com.swedbank.factoring.automation.testcases.Test_FactoringCalculator#invoiceAmountEmptyValidation</h3><table class="result"><tr><th>Exception</th></tr><tr><td><div class="stacktrace">java.lang.AssertionError: expected [This field is required] but found [Please enter a valid number]
	at com.swedbank.factoring.automation.testcases.Test_FactoringCalculator.invoiceAmountEmptyValidation(Test_FactoringCalculator.java:45)
	at java.base/java.util.concurrent.ThreadPoolExecutor.runWorker(ThreadPoolExecutor.java:1136)
	at java.base/java.util.concurrent.ThreadPoolExecutor$Worker.run(ThreadPoolExecutor.java:635)
	at java.base/java.lang.Thread.run(Thread.java:833)
... Removed 18 stack frames</div></td></tr></table><p class="totop"><a href="#summary">back to summary</a></p>
<h3 id="m3">com.swedbank.factoring.automation.testcases.Test_FactoringCalculator#sectionDefaultValidations</h3><table class="result"><tr><th>Exception</th></tr><tr><td><div class="stacktrace">org.openqa.selenium.StaleElementReferenceException: stale element reference: element is not attached to the page document
  (Session info: chrome=107.0.5304.87)
For documentation on this error, please visit: https://selenium.dev/exceptions/#stale_element_reference
Build info: version: &apos;4.4.0&apos;, revision: &apos;e5c75ed026a&apos;
System info: host: &apos;GE00371M.lan&apos;, ip: &apos;2001:7d0:82c0:ef00:5c8f:3943:fecb:df8%en0&apos;, os.name: &apos;Mac OS X&apos;, os.arch: &apos;x86_64&apos;, os.version: &apos;11.6.8&apos;, java.version: &apos;17.0.4.1&apos;
Driver info: org.openqa.selenium.chrome.ChromeDriver
Command: [bc7251f3f8af14736eda1e8f23b973c7, getElementAttribute {id=c13ba8b2-9bb2-4cd9-9d34-063fb9d076de, name=value}]
Capabilities {acceptInsecureCerts: false, browserName: chrome, browserVersion: 107.0.5304.87, chrome: {chromedriverVersion: 107.0.5304.62 (1eec40d3a576..., userDataDir: /var/folders/0m/fvmjrzt11z5...}, goog:chromeOptions: {debuggerAddress: localhost:54136}, networkConnectionEnabled: false, pageLoadStrategy: normal, platformName: MAC, proxy: Proxy(), se:cdp: ws://localhost:54136/devtoo..., se:cdpVersion: 107.0.5304.87, setWindowRect: true, strictFileInteractability: false, timeouts: {implicit: 0, pageLoad: 300000, script: 30000}, unhandledPromptBehavior: dismiss and notify, webauthn:extension:credBlob: true, webauthn:extension:largeBlob: true, webauthn:virtualAuthenticators: true}
Element: [[ChromeDriver: chrome on MAC (bc7251f3f8af14736eda1e8f23b973c7)] -&gt; xpath: //input[@name=&apos;calc_d5&apos;]]
Session ID: bc7251f3f8af14736eda1e8f23b973c7
	at org.openqa.selenium.remote.codec.w3c.W3CHttpResponseCodec.createException(W3CHttpResponseCodec.java:200)
	at org.openqa.selenium.remote.codec.w3c.W3CHttpResponseCodec.decode(W3CHttpResponseCodec.java:133)
	at org.openqa.selenium.remote.codec.w3c.W3CHttpResponseCodec.decode(W3CHttpResponseCodec.java:53)
	at org.openqa.selenium.remote.HttpCommandExecutor.execute(HttpCommandExecutor.java:184)
	at org.openqa.selenium.remote.service.DriverCommandExecutor.invokeExecute(DriverCommandExecutor.java:167)
	at org.openqa.selenium.remote.service.DriverCommandExecutor.execute(DriverCommandExecutor.java:142)
	at org.openqa.selenium.remote.RemoteWebDriver.execute(RemoteWebDriver.java:547)
	at org.openqa.selenium.remote.RemoteWebElement.execute(RemoteWebElement.java:257)
	at org.openqa.selenium.remote.RemoteWebElement.getAttribute(RemoteWebElement.java:158)
	at org.openqa.selenium.support.pagefactory.internal.LocatingElementHandler.invoke(LocatingElementHandler.java:52)
	at jdk.proxy2/jdk.proxy2.$Proxy17.getAttribute(Unknown Source)
	at com.swedbank.factoring.automation.pages.FactoringCalculatorPage.getDefaultInvoiceAmount(FactoringCalculatorPage.java:62)
	at com.swedbank.factoring.automation.testcases.Test_FactoringCalculator.sectionDefaultValidations(Test_FactoringCalculator.java:19)
	at java.base/java.util.concurrent.ThreadPoolExecutor.runWorker(ThreadPoolExecutor.java:1136)
	at java.base/java.util.concurrent.ThreadPoolExecutor$Worker.run(ThreadPoolExecutor.java:635)
	at java.base/java.lang.Thread.run(Thread.java:833)
... Removed 21 stack frames</div></td></tr></table><p class="totop"><a href="#summary">back to summary</a></p>
<h3 id="m4">com.swedbank.factoring.automation.testcases.Test_LoginPage#usingApplyButton</h3><table class="result"><tr><th>Exception</th></tr><tr><td><div class="stacktrace">org.openqa.selenium.NoSuchElementException: no such element: Unable to locate element: {&quot;method&quot;:&quot;xpath&quot;,&quot;selector&quot;:&quot;//button[@class=&apos;button -left&apos; and text()=&apos;Apply&apos;]&quot;}
  (Session info: chrome=107.0.5304.87)
For documentation on this error, please visit: https://selenium.dev/exceptions/#no_such_element
Build info: version: &apos;4.4.0&apos;, revision: &apos;e5c75ed026a&apos;
System info: host: &apos;GE00371M.lan&apos;, ip: &apos;2001:7d0:82c0:ef00:5c8f:3943:fecb:df8%en0&apos;, os.name: &apos;Mac OS X&apos;, os.arch: &apos;x86_64&apos;, os.version: &apos;11.6.8&apos;, java.version: &apos;17.0.4.1&apos;
Driver info: org.openqa.selenium.chrome.ChromeDriver
Command: [ef852c7ec8d6641cfd65011b5be69eb4, findElement {using=xpath, value=//button[@class=&apos;button -left&apos; and text()=&apos;Apply&apos;]}]
Capabilities {acceptInsecureCerts: false, browserName: chrome, browserVersion: 107.0.5304.87, chrome: {chromedriverVersion: 107.0.5304.62 (1eec40d3a576..., userDataDir: /var/folders/0m/fvmjrzt11z5...}, goog:chromeOptions: {debuggerAddress: localhost:54133}, networkConnectionEnabled: false, pageLoadStrategy: normal, platformName: MAC, proxy: Proxy(), se:cdp: ws://localhost:54133/devtoo..., se:cdpVersion: 107.0.5304.87, setWindowRect: true, strictFileInteractability: false, timeouts: {implicit: 0, pageLoad: 300000, script: 30000}, unhandledPromptBehavior: dismiss and notify, webauthn:extension:credBlob: true, webauthn:extension:largeBlob: true, webauthn:virtualAuthenticators: true}
Session ID: ef852c7ec8d6641cfd65011b5be69eb4
	at org.openqa.selenium.remote.codec.w3c.W3CHttpResponseCodec.createException(W3CHttpResponseCodec.java:200)
	at org.openqa.selenium.remote.codec.w3c.W3CHttpResponseCodec.decode(W3CHttpResponseCodec.java:133)
	at org.openqa.selenium.remote.codec.w3c.W3CHttpResponseCodec.decode(W3CHttpResponseCodec.java:53)
	at org.openqa.selenium.remote.HttpCommandExecutor.execute(HttpCommandExecutor.java:184)
	at org.openqa.selenium.remote.service.DriverCommandExecutor.invokeExecute(DriverCommandExecutor.java:167)
	at org.openqa.selenium.remote.service.DriverCommandExecutor.execute(DriverCommandExecutor.java:142)
	at org.openqa.selenium.remote.RemoteWebDriver.execute(RemoteWebDriver.java:547)
	at org.openqa.selenium.remote.ElementLocation$ElementFinder$2.findElement(ElementLocation.java:162)
	at org.openqa.selenium.remote.ElementLocation.findElement(ElementLocation.java:60)
	at org.openqa.selenium.remote.RemoteWebDriver.findElement(RemoteWebDriver.java:365)
	at org.openqa.selenium.remote.RemoteWebDriver.findElement(RemoteWebDriver.java:357)
	at org.openqa.selenium.support.pagefactory.DefaultElementLocator.findElement(DefaultElementLocator.java:70)
	at org.openqa.selenium.support.pagefactory.internal.LocatingElementHandler.invoke(LocatingElementHandler.java:39)
	at jdk.proxy2/jdk.proxy2.$Proxy17.click(Unknown Source)
	at com.swedbank.factoring.automation.pages.LoginPage.usingApplyButton(LoginPage.java:77)
	at com.swedbank.factoring.automation.testcases.Test_LoginPage.usingApplyButton(Test_LoginPage.java:21)
	at java.base/java.util.concurrent.ThreadPoolExecutor.runWorker(ThreadPoolExecutor.java:1136)
	at java.base/java.util.concurrent.ThreadPoolExecutor$Worker.run(ThreadPoolExecutor.java:635)
	at java.base/java.lang.Thread.run(Thread.java:833)
... Removed 17 stack frames</div></td></tr></table><p class="totop"><a href="#summary">back to summary</a></p>
<h3 id="m5">com.swedbank.factoring.automation.testcases.Test_FactoringCalculator#advanceRateValidation</h3><table class="result"><tr><th class="invisible"/></tr></table><p class="totop"><a href="#summary">back to summary</a></p>
<h3 id="m6">com.swedbank.factoring.automation.testcases.Test_FactoringCalculator#applyButtonValidation</h3><table class="result"><tr><th class="invisible"/></tr></table><p class="totop"><a href="#summary">back to summary</a></p>
<h3 id="m7">com.swedbank.factoring.automation.testcases.Test_FactoringCalculator#docAndFeesTabGeneralConditionsValidation</h3><table class="result"><tr><th class="invisible"/></tr></table><p class="totop"><a href="#summary">back to summary</a></p>
<h3 id="m8">com.swedbank.factoring.automation.testcases.Test_FactoringCalculator#docAndfeesClaimDocValidation</h3><table class="result"><tr><th class="invisible"/></tr></table><p class="totop"><a href="#summary">back to summary</a></p>
<h3 id="m9">com.swedbank.factoring.automation.testcases.Test_FactoringCalculator#howToApplyTabValidation</h3><table class="result"><tr><th class="invisible"/></tr></table><p class="totop"><a href="#summary">back to summary</a></p>
<h3 id="m10">com.swedbank.factoring.automation.testcases.Test_FactoringCalculator#interestRateAboveLimitsValidation</h3><table class="result"><tr><th class="invisible"/></tr></table><p class="totop"><a href="#summary">back to summary</a></p>
<h3 id="m11">com.swedbank.factoring.automation.testcases.Test_FactoringCalculator#interestRateAlphaNumericValidation</h3><table class="result"><tr><th class="invisible"/></tr></table><p class="totop"><a href="#summary">back to summary</a></p>
<h3 id="m12">com.swedbank.factoring.automation.testcases.Test_FactoringCalculator#interestRateEmptyValidation</h3><table class="result"><tr><th class="invisible"/></tr></table><p class="totop"><a href="#summary">back to summary</a></p>
<h3 id="m13">com.swedbank.factoring.automation.testcases.Test_FactoringCalculator#invoiceAmountAplhaNumericValidation</h3><table class="result"><tr><th class="invisible"/></tr></table><p class="totop"><a href="#summary">back to summary</a></p>
<h3 id="m14">com.swedbank.factoring.automation.testcases.Test_FactoringCalculator#invoiceAmountZeroValidation</h3><table class="result"><tr><th class="invisible"/></tr></table><p class="totop"><a href="#summary">back to summary</a></p>
<h3 id="m15">com.swedbank.factoring.automation.testcases.Test_FactoringCalculator#paymentTermValidation</h3><table class="result"><tr><th class="invisible"/></tr></table><p class="totop"><a href="#summary">back to summary</a></p>
<h3 id="m16">com.swedbank.factoring.automation.testcases.Test_LandingPage#becomeACustomer</h3><table class="result"><tr><th class="invisible"/></tr></table><p class="totop"><a href="#summary">back to summary</a></p>
<h3 id="m17">com.swedbank.factoring.automation.testcases.Test_LandingPage#landingPage</h3><table class="result"><tr><th class="invisible"/></tr></table><p class="totop"><a href="#summary">back to summary</a></p>
<h3 id="m18">com.swedbank.factoring.automation.testcases.Test_LandingPage#langOnLandingPage</h3><table class="result"><tr><th class="invisible"/></tr></table><p class="totop"><a href="#summary">back to summary</a></p>
<h3 id="m19">com.swedbank.factoring.automation.testcases.Test_LandingPage#navigatingTabs</h3><table class="result"><tr><th class="invisible"/></tr></table><p class="totop"><a href="#summary">back to summary</a></p>
<h3 id="m20">com.swedbank.factoring.automation.testcases.Test_LoginPage#usingLoginButton</h3><table class="result"><tr><th class="invisible"/></tr></table><p class="totop"><a href="#summary">back to summary</a></p>
<h3 id="m21">com.swedbank.factoring.automation.testcases.Test_LoginPage#usingSwedBanklogo</h3><table class="result"><tr><th class="invisible"/></tr></table><p class="totop"><a href="#summary">back to summary</a></p>
</body>
</html>
